-- Found ament_cmake: 2.5.4 (/opt/ros/jazzy/share/ament_cmake/cmake)
-- Found rclcpp: 28.1.12 (/opt/ros/jazzy/share/rclcpp/cmake)
-- Found rosidl_generator_c: 4.6.6 (/opt/ros/jazzy/share/rosidl_generator_c/cmake)
-- Found rosidl_generator_cpp: 4.6.6 (/opt/ros/jazzy/share/rosidl_generator_cpp/cmake)
-- Using all available rosidl_typesupport_c: rosidl_typesupport_fastrtps_c;rosidl_typesupport_introspection_c
-- Using all available rosidl_typesupport_cpp: rosidl_typesupport_fastrtps_cpp;rosidl_typesupport_introspection_cpp
-- Found rmw_implementation_cmake: 7.3.2 (/opt/ros/jazzy/share/rmw_implementation_cmake/cmake)
-- Found rmw_fastrtps_cpp: 8.4.3 (/opt/ros/jazzy/share/rmw_fastrtps_cpp/cmake)
-- Using RMW implementation 'rmw_fastrtps_cpp' as default
-- Found std_msgs: 5.3.6 (/opt/ros/jazzy/share/std_msgs/cmake)
-- Pinocchio include dirs: /opt/openrobots/lib/pkgconfig/../../include;/usr/include/eigen3;/opt/ros/jazzy/lib/x86_64-linux-gnu/pkgconfig/../../../include/urdfdom;/opt/ros/jazzy/lib/x86_64-linux-gnu/pkgconfig/../../../include/urdfdom_headers;/opt/openrobots/include
-- Pinocchio libraries: pinocchio_default;pinocchio_parsers;pinocchio_casadi;boost_filesystem;boost_serialization;boost_system;urdfdom_sensor;urdfdom_model_state;urdfdom_model;urdfdom_world;casadi
-- Found ament_lint_auto: 0.17.3 (/opt/ros/jazzy/share/ament_lint_auto/cmake)
-- Added test 'copyright' to check source files copyright and LICENSE
-- Added test 'cppcheck' to perform static code analysis on C / C++ code
-- Configured cppcheck include dirs: 
-- Configured cppcheck exclude dirs and/or files: 
-- Added test 'cpplint' to check C / C++ code against the Google style
-- Configured cpplint exclude dirs and/or files: 
-- Added test 'flake8' to check Python code syntax and style conventions
-- Configured 'flake8' exclude dirs and/or files: 
-- Added test 'lint_cmake' to check CMake code style
-- Added test 'pep257' to check Python code against some of the docstring style conventions in PEP 257
-- Added test 'uncrustify' to check C / C++ code style
-- Configured uncrustify additional arguments: 
-- Added test 'xmllint' to check XML markup files
-- Configuring done (0.6s)
-- Generating done (0.0s)
-- Build files have been written to: /home/wwl/ros2_ws/build/pinocchio_ros2_example
[100%] Built target pinocchio_node
-- Install configuration: ""
-- Up-to-date: /home/wwl/ros2_ws/install/pinocchio_ros2_example/lib/pinocchio_ros2_example/pinocchio_node
-- Up-to-date: /home/wwl/ros2_ws/install/pinocchio_ros2_example/lib/pinocchio_ros2_example/pinocchio_python_node.py
-- Up-to-date: /home/wwl/ros2_ws/install/pinocchio_ros2_example/share/ament_index/resource_index/package_run_dependencies/pinocchio_ros2_example
-- Up-to-date: /home/wwl/ros2_ws/install/pinocchio_ros2_example/share/ament_index/resource_index/parent_prefix_path/pinocchio_ros2_example
-- Installing: /home/wwl/ros2_ws/install/pinocchio_ros2_example/share/pinocchio_ros2_example/environment/ament_prefix_path.sh
-- Up-to-date: /home/wwl/ros2_ws/install/pinocchio_ros2_example/share/pinocchio_ros2_example/environment/ament_prefix_path.dsv
-- Installing: /home/wwl/ros2_ws/install/pinocchio_ros2_example/share/pinocchio_ros2_example/environment/path.sh
-- Up-to-date: /home/wwl/ros2_ws/install/pinocchio_ros2_example/share/pinocchio_ros2_example/environment/path.dsv
-- Up-to-date: /home/wwl/ros2_ws/install/pinocchio_ros2_example/share/pinocchio_ros2_example/local_setup.bash
-- Up-to-date: /home/wwl/ros2_ws/install/pinocchio_ros2_example/share/pinocchio_ros2_example/local_setup.sh
-- Up-to-date: /home/wwl/ros2_ws/install/pinocchio_ros2_example/share/pinocchio_ros2_example/local_setup.zsh
-- Up-to-date: /home/wwl/ros2_ws/install/pinocchio_ros2_example/share/pinocchio_ros2_example/local_setup.dsv
-- Up-to-date: /home/wwl/ros2_ws/install/pinocchio_ros2_example/share/pinocchio_ros2_example/package.dsv
-- Up-to-date: /home/wwl/ros2_ws/install/pinocchio_ros2_example/share/ament_index/resource_index/packages/pinocchio_ros2_example
-- Up-to-date: /home/wwl/ros2_ws/install/pinocchio_ros2_example/share/pinocchio_ros2_example/cmake/pinocchio_ros2_exampleConfig.cmake
-- Up-to-date: /home/wwl/ros2_ws/install/pinocchio_ros2_example/share/pinocchio_ros2_example/cmake/pinocchio_ros2_exampleConfig-version.cmake
-- Up-to-date: /home/wwl/ros2_ws/install/pinocchio_ros2_example/share/pinocchio_ros2_example/package.xml
