[0.009s] Invoking command in '/home/wwl/ros2-pinocchio/build/pinocchio_ros2_example': DEBUGINFOD_URLS=https://debuginfod.ubuntu.com /usr/bin/cmake --build /home/wwl/ros2-pinocchio/build/pinocchio_ros2_example -- -j8 -l8
[0.025s] [0mCMake Error: The current CMakeCache.txt directory /home/wwl/ros2-pinocchio/build/pinocchio_ros2_example/CMakeCache.txt is different than the directory /home/wwl/ros2_ws/build/pinocchio_ros2_example where CMakeCache.txt was created. This may result in binaries being created in the wrong place. If you are not sure, reedit the CMakeCache.txt[0m
[0.054s] -- Found ament_cmake: 2.5.4 (/opt/ros/jazzy/share/ament_cmake/cmake)
[0.255s] -- Found rclcpp: 28.1.12 (/opt/ros/jazzy/share/rclcpp/cmake)
[0.282s] -- Found rosidl_generator_c: 4.6.6 (/opt/ros/jazzy/share/rosidl_generator_c/cmake)
[0.290s] -- Found rosidl_generator_cpp: 4.6.6 (/opt/ros/jazzy/share/rosidl_generator_cpp/cmake)
[0.302s] -- Using all available rosidl_typesupport_c: rosidl_typesupport_fastrtps_c;rosidl_typesupport_introspection_c
[0.316s] -- Using all available rosidl_typesupport_cpp: rosidl_typesupport_fastrtps_cpp;rosidl_typesupport_introspection_cpp
[0.375s] -- Found rmw_implementation_cmake: 7.3.2 (/opt/ros/jazzy/share/rmw_implementation_cmake/cmake)
[0.377s] -- Found rmw_fastrtps_cpp: 8.4.3 (/opt/ros/jazzy/share/rmw_fastrtps_cpp/cmake)
[0.434s] -- Using RMW implementation 'rmw_fastrtps_cpp' as default
[0.500s] -- Found std_msgs: 5.3.6 (/opt/ros/jazzy/share/std_msgs/cmake)
[0.517s] -- Pinocchio include dirs: /opt/openrobots/lib/pkgconfig/../../include;/usr/include/eigen3;/opt/ros/jazzy/lib/x86_64-linux-gnu/pkgconfig/../../../include/urdfdom;/opt/ros/jazzy/lib/x86_64-linux-gnu/pkgconfig/../../../include/urdfdom_headers;/opt/openrobots/include
[0.517s] -- Pinocchio libraries: pinocchio_default;pinocchio_parsers;pinocchio_casadi;boost_filesystem;boost_serialization;boost_system;urdfdom_sensor;urdfdom_model_state;urdfdom_model;urdfdom_world;casadi
[0.518s] -- Found ament_lint_auto: 0.17.3 (/opt/ros/jazzy/share/ament_lint_auto/cmake)
[0.601s] -- Added test 'copyright' to check source files copyright and LICENSE
[0.602s] -- Added test 'cppcheck' to perform static code analysis on C / C++ code
[0.602s] -- Configured cppcheck include dirs: 
[0.602s] -- Configured cppcheck exclude dirs and/or files: 
[0.603s] -- Added test 'cpplint' to check C / C++ code against the Google style
[0.603s] -- Configured cpplint exclude dirs and/or files: 
[0.603s] -- Added test 'flake8' to check Python code syntax and style conventions
[0.603s] -- Configured 'flake8' exclude dirs and/or files: 
[0.604s] -- Added test 'lint_cmake' to check CMake code style
[0.604s] -- Added test 'pep257' to check Python code against some of the docstring style conventions in PEP 257
[0.605s] -- Added test 'uncrustify' to check C / C++ code style
[0.605s] -- Configured uncrustify additional arguments: 
[0.605s] -- Added test 'xmllint' to check XML markup files
[0.606s] -- Configuring done (0.6s)
[0.618s] -- Generating done (0.0s)
[0.621s] -- Build files have been written to: /home/wwl/ros2_ws/build/pinocchio_ros2_example
[0.678s] [100%] Built target pinocchio_node
[0.686s] Invoked command in '/home/wwl/ros2-pinocchio/build/pinocchio_ros2_example' returned '0': DEBUGINFOD_URLS=https://debuginfod.ubuntu.com /usr/bin/cmake --build /home/wwl/ros2-pinocchio/build/pinocchio_ros2_example -- -j8 -l8
[0.693s] Invoking command in '/home/wwl/ros2-pinocchio/build/pinocchio_ros2_example': DEBUGINFOD_URLS=https://debuginfod.ubuntu.com /usr/bin/cmake --install /home/wwl/ros2-pinocchio/build/pinocchio_ros2_example
[0.699s] -- Install configuration: ""
[0.699s] -- Up-to-date: /home/wwl/ros2_ws/install/pinocchio_ros2_example/lib/pinocchio_ros2_example/pinocchio_node
[0.699s] -- Up-to-date: /home/wwl/ros2_ws/install/pinocchio_ros2_example/lib/pinocchio_ros2_example/pinocchio_python_node.py
[0.699s] -- Up-to-date: /home/wwl/ros2_ws/install/pinocchio_ros2_example/share/ament_index/resource_index/package_run_dependencies/pinocchio_ros2_example
[0.700s] -- Up-to-date: /home/wwl/ros2_ws/install/pinocchio_ros2_example/share/ament_index/resource_index/parent_prefix_path/pinocchio_ros2_example
[0.700s] -- Installing: /home/wwl/ros2_ws/install/pinocchio_ros2_example/share/pinocchio_ros2_example/environment/ament_prefix_path.sh
[0.700s] -- Up-to-date: /home/wwl/ros2_ws/install/pinocchio_ros2_example/share/pinocchio_ros2_example/environment/ament_prefix_path.dsv
[0.700s] -- Installing: /home/wwl/ros2_ws/install/pinocchio_ros2_example/share/pinocchio_ros2_example/environment/path.sh
[0.700s] -- Up-to-date: /home/wwl/ros2_ws/install/pinocchio_ros2_example/share/pinocchio_ros2_example/environment/path.dsv
[0.700s] -- Up-to-date: /home/wwl/ros2_ws/install/pinocchio_ros2_example/share/pinocchio_ros2_example/local_setup.bash
[0.700s] -- Up-to-date: /home/wwl/ros2_ws/install/pinocchio_ros2_example/share/pinocchio_ros2_example/local_setup.sh
[0.700s] -- Up-to-date: /home/wwl/ros2_ws/install/pinocchio_ros2_example/share/pinocchio_ros2_example/local_setup.zsh
[0.700s] -- Up-to-date: /home/wwl/ros2_ws/install/pinocchio_ros2_example/share/pinocchio_ros2_example/local_setup.dsv
[0.701s] -- Up-to-date: /home/wwl/ros2_ws/install/pinocchio_ros2_example/share/pinocchio_ros2_example/package.dsv
[0.701s] -- Up-to-date: /home/wwl/ros2_ws/install/pinocchio_ros2_example/share/ament_index/resource_index/packages/pinocchio_ros2_example
[0.702s] -- Up-to-date: /home/wwl/ros2_ws/install/pinocchio_ros2_example/share/pinocchio_ros2_example/cmake/pinocchio_ros2_exampleConfig.cmake
[0.702s] -- Up-to-date: /home/wwl/ros2_ws/install/pinocchio_ros2_example/share/pinocchio_ros2_example/cmake/pinocchio_ros2_exampleConfig-version.cmake
[0.702s] -- Up-to-date: /home/wwl/ros2_ws/install/pinocchio_ros2_example/share/pinocchio_ros2_example/package.xml
[0.702s] Invoked command in '/home/wwl/ros2-pinocchio/build/pinocchio_ros2_example' returned '0': DEBUGINFOD_URLS=https://debuginfod.ubuntu.com /usr/bin/cmake --install /home/wwl/ros2-pinocchio/build/pinocchio_ros2_example
