[0.000000] (-) TimerEvent: {}
[0.000132] (pinocchio_ros2_example) JobQueued: {'identifier': 'pinocchio_ros2_example', 'dependencies': OrderedDict()}
[0.000340] (pinocchio_ros2_example) JobStarted: {'identifier': 'pinocchio_ros2_example'}
[0.006098] (pinocchio_ros2_example) JobProgress: {'identifier': 'pinocchio_ros2_example', 'progress': 'cmake'}
[0.006553] (pinocchio_ros2_example) JobProgress: {'identifier': 'pinocchio_ros2_example', 'progress': 'build'}
[0.007015] (pinocchio_ros2_example) Command: {'cmd': ['/usr/bin/cmake', '--build', '/home/wwl/ros2-pinocchio/build/pinocchio_ros2_example', '--', '-j8', '-l8'], 'cwd': '/home/wwl/ros2-pinocchio/build/pinocchio_ros2_example', 'env': OrderedDict({'GJS_DEBUG_TOPICS': 'JS ERROR;JS LOG', 'LESSOPEN': '| /usr/bin/lesspipe %s', 'VSCODE_CWD': '/home/wwl', 'VSCODE_ESM_ENTRYPOINT': 'vs/workbench/api/node/extensionHostProcess', 'USER': 'wwl', 'VSCODE_NLS_CONFIG': '{"userLocale":"zh-cn","osLocale":"zh-cn","resolvedLanguage":"zh-cn","defaultMessagesFile":"/usr/share/cursor/resources/app/out/nls.messages.json","languagePack":{"translationsConfigFile":"/home/wwl/.config/Cursor/clp/6fe284ae87274d9cb2cdffc89b193492.zh-cn/tcf.json","messagesFile":"/home/wwl/.config/Cursor/clp/6fe284ae87274d9cb2cdffc89b193492.zh-cn/b9e5948c1ad20443a5cecba6b84a3c9b99d62580/nls.messages.json","corruptMarkerFile":"/home/wwl/.config/Cursor/clp/6fe284ae87274d9cb2cdffc89b193492.zh-cn/corrupted.info"},"locale":"zh-cn","availableLanguages":{"*":"zh-cn"},"_languagePackId":"6fe284ae87274d9cb2cdffc89b193492.zh-cn","_languagePackSupport":true,"_translationsConfigFile":"/home/wwl/.config/Cursor/clp/6fe284ae87274d9cb2cdffc89b193492.zh-cn/tcf.json","_cacheRoot":"/home/wwl/.config/Cursor/clp/6fe284ae87274d9cb2cdffc89b193492.zh-cn","_resolvedLanguagePackCoreLocation":"/home/wwl/.config/Cursor/clp/6fe284ae87274d9cb2cdffc89b193492.zh-cn/b9e5948c1ad20443a5cecba6b84a3c9b99d62580","_corruptedFile":"/home/wwl/.config/Cursor/clp/6fe284ae87274d9cb2cdffc89b193492.zh-cn/corrupted.info"}', 'VSCODE_HANDLES_UNCAUGHT_ERRORS': 'true', 'XDG_SESSION_TYPE': 'wayland', 'CLUTTER_DISABLE_MIPMAPPED_TEXT': '1', 'SHLVL': '1', 'LD_LIBRARY_PATH': '/opt/openrobots/lib:/opt/openrobots/lib:/opt/ros/jazzy/opt/rviz_ogre_vendor/lib:/opt/ros/jazzy/lib/x86_64-linux-gnu:/opt/ros/jazzy/opt/gz_math_vendor/lib:/opt/ros/jazzy/opt/gz_utils_vendor/lib:/opt/ros/jazzy/opt/gz_cmake_vendor/lib:/opt/ros/jazzy/lib', 'HOME': '/home/wwl', 'CHROME_DESKTOP': 'cursor.desktop', 'OLDPWD': '/home/wwl/ros2-pinocchio', 'DESKTOP_SESSION': 'ubuntu', 'MODELSCOPE_API_KEY': 'ms-b6c1f81e-4bb2-4f29-99a3-8fc2b1c21599', 'VSCODE_IPC_HOOK': '/run/user/1000/vscode-09cf815b-1.7.-main.sock', 'GIO_LAUNCHED_DESKTOP_FILE': '/usr/share/applications/cursor.desktop', 'ROS_PYTHON_VERSION': '3', 'GNOME_SHELL_SESSION_MODE': 'ubuntu', 'GTK_MODULES': 'gail:atk-bridge', 'SDL_IM_MODULE': 'fcitx', 'MANAGERPID': '1989', 'SYSTEMD_EXEC_PID': '2289', 'IM_CONFIG_CHECK_ENV': '1', 'GSM_SKIP_SSH_AGENT_WORKAROUND': 'true', 'NO_COLOR': '1', 'DBUS_SESSION_BUS_ADDRESS': 'unix:path=/run/user/1000/bus', 'CODEX_TOKEN': 'user:87969/7d48a59ba95f4fbbb9930444a8ad2200', 'GIO_LAUNCHED_DESKTOP_FILE_PID': '4596', 'VSCODE_CRASH_REPORTER_PROCESS_TYPE': 'extensionHost', 'DEBUGINFOD_URLS': 'https://debuginfod.ubuntu.com', 'IM_CONFIG_PHASE': '1', 'WAYLAND_DISPLAY': 'wayland-0', 'VSCODE_L10N_BUNDLE_LOCATION': 'file:///home/wwl/.cursor/extensions/ms-ceintl.vscode-language-pack-zh-hans-1.99.0-universal/translations/extensions/vscode.json-language-features.i18n.json', 'ROS_DISTRO': 'jazzy', 'GTK_IM_MODULE': 'fcitx', 'LOGNAME': 'wwl', 'FORCE_COLOR': '0', 'JOURNAL_STREAM': '9:20894', '_': '/usr/bin/colcon', 'ROS_VERSION': '2', 'PKG_CONFIG_PATH': '/opt/openrobots/lib/pkgconfig:/opt/openrobots/lib/pkgconfig:', 'MEMORY_PRESSURE_WATCH': '/sys/fs/cgroup/user.slice/user-1000.slice/user@1000.service/session.slice/org.gnome.Shell@wayland.service/memory.pressure', 'XDG_SESSION_CLASS': 'user', 'USERNAME': 'wwl', 'TERM': 'dumb', 'GNOME_DESKTOP_SESSION_ID': 'this-is-deprecated', 'COMPOSER_NO_INTERACTION': '1', 'PATH': '/opt/openrobots/bin:/home/wwl/local/bin:/opt/openrobots/bin:/home/wwl/local/bin:/opt/ros/jazzy/bin:/usr/local/sbin:/usr/local/bin:/usr/sbin:/usr/bin:/sbin:/bin:/usr/games:/usr/local/games:/snap/bin:/snap/bin', 'SESSION_MANAGER': 'local/wwl-MACHD-WXX9:@/tmp/.ICE-unix/2242,unix/wwl-MACHD-WXX9:/tmp/.ICE-unix/2242', 'INVOCATION_ID': '32d5cecf50484de6be684f71f5b10c74', 'XDG_MENU_PREFIX': 'gnome-', 'VSCODE_PROCESS_TITLE': 'extension-host  [1-5]', 'GNOME_SETUP_DISPLAY': ':1', 'XDG_RUNTIME_DIR': '/run/user/1000', 'GDK_BACKEND': 'x11', 'CURSOR_AGENT': '1', 'DISPLAY': ':0', 'LANG': 'zh_CN.UTF-8', 'XDG_CURRENT_DESKTOP': 'Unity', 'XMODIFIERS': '@im=fcitx', 'XDG_SESSION_DESKTOP': 'ubuntu', 'XAUTHORITY': '/run/user/1000/.mutter-Xwaylandauth.7FH3F3', 'LS_COLORS': '', 'SBX_CHROME_API_RQ': '1', 'CURSOR_TRACE_ID': 'f31f4e273260456ebbc030f04a6d4693', 'SSH_AUTH_SOCK': '/run/user/1000/keyring/ssh', 'AMENT_PREFIX_PATH': '/opt/ros/jazzy', 'ORIGINAL_XDG_CURRENT_DESKTOP': 'ubuntu:GNOME', 'CODEX_URL': 'https://cmd.micosoft.icu/', 'SHELL': '/bin/bash', 'QT_ACCESSIBILITY': '1', 'GDMSESSION': 'ubuntu', 'LESSCLOSE': '/usr/bin/lesspipe %s %s', 'GJS_DEBUG_OUTPUT': 'stderr', 'ROS_AUTOMATIC_DISCOVERY_RANGE': 'SUBNET', 'QT_IM_MODULE': 'fcitx', 'PWD': '/home/wwl/ros2-pinocchio/build/pinocchio_ros2_example', 'XDG_CONFIG_DIRS': '/etc/xdg/xdg-ubuntu:/etc/xdg', 'VSCODE_CODE_CACHE_PATH': '/home/wwl/.config/Cursor/CachedData/b9e5948c1ad20443a5cecba6b84a3c9b99d62580', 'PICO_SDK_PATH': '/home/wwl/pico-sdk', 'CLUTTER_IM_MODULE': 'xim', 'XDG_DATA_DIRS': '/usr/share/ubuntu:/usr/share/gnome:/usr/local/share/:/usr/share/:/var/lib/snapd/desktop', 'QTWEBENGINE_DICTIONARIES_PATH': '/usr/share/hunspell-bdic/', 'PYTHONPATH': '/opt/openrobots/lib/python3.12/site-packages:/opt/openrobots/lib/python3.12/site-packages:/opt/ros/jazzy/lib/python3.12/site-packages', 'COLCON': '1', 'MEMORY_PRESSURE_WRITE': 'c29tZSAyMDAwMDAgMjAwMDAwMAA=', 'CMAKE_PREFIX_PATH': '/opt/openrobots:/opt/openrobots:/opt/ros/jazzy/opt/gz_math_vendor:/opt/ros/jazzy/opt/gz_utils_vendor:/opt/ros/jazzy/opt/gz_cmake_vendor:/opt/ros/jazzy', 'VSCODE_PID': '4596'}), 'shell': False}
[0.027055] (pinocchio_ros2_example) StdoutLine: {'line': b'-- Found ament_cmake: 2.5.4 (/opt/ros/jazzy/share/ament_cmake/cmake)\n'}
[0.099817] (-) TimerEvent: {}
[0.199989] (-) TimerEvent: {}
[0.211022] (pinocchio_ros2_example) StdoutLine: {'line': b'-- Found rclcpp: 28.1.12 (/opt/ros/jazzy/share/rclcpp/cmake)\n'}
[0.235380] (pinocchio_ros2_example) StdoutLine: {'line': b'-- Found rosidl_generator_c: 4.6.6 (/opt/ros/jazzy/share/rosidl_generator_c/cmake)\n'}
[0.243148] (pinocchio_ros2_example) StdoutLine: {'line': b'-- Found rosidl_generator_cpp: 4.6.6 (/opt/ros/jazzy/share/rosidl_generator_cpp/cmake)\n'}
[0.256133] (pinocchio_ros2_example) StdoutLine: {'line': b'-- Using all available rosidl_typesupport_c: rosidl_typesupport_fastrtps_c;rosidl_typesupport_introspection_c\n'}
[0.272333] (pinocchio_ros2_example) StdoutLine: {'line': b'-- Using all available rosidl_typesupport_cpp: rosidl_typesupport_fastrtps_cpp;rosidl_typesupport_introspection_cpp\n'}
[0.300086] (-) TimerEvent: {}
[0.323913] (pinocchio_ros2_example) StdoutLine: {'line': b'-- Found rmw_implementation_cmake: 7.3.2 (/opt/ros/jazzy/share/rmw_implementation_cmake/cmake)\n'}
[0.324886] (pinocchio_ros2_example) StdoutLine: {'line': b'-- Found rmw_fastrtps_cpp: 8.4.3 (/opt/ros/jazzy/share/rmw_fastrtps_cpp/cmake)\n'}
[0.378375] (pinocchio_ros2_example) StdoutLine: {'line': b"-- Using RMW implementation 'rmw_fastrtps_cpp' as default\n"}
[0.400198] (-) TimerEvent: {}
[0.431703] (pinocchio_ros2_example) StdoutLine: {'line': b'-- Found std_msgs: 5.3.6 (/opt/ros/jazzy/share/std_msgs/cmake)\n'}
[0.447251] (pinocchio_ros2_example) StdoutLine: {'line': b'-- Pinocchio include dirs: /opt/openrobots/lib/pkgconfig/../../include;/usr/include/eigen3;/usr/lib/x86_64-linux-gnu/pkgconfig/../../../include/urdfdom;/usr/include;/opt/openrobots/include\n'}
[0.447468] (pinocchio_ros2_example) StdoutLine: {'line': b'-- Pinocchio libraries: pinocchio_default;pinocchio_parsers;pinocchio_casadi;boost_filesystem;boost_serialization;boost_system;urdfdom_sensor;urdfdom_model_state;urdfdom_model;urdfdom_world;casadi\n'}
[0.448147] (pinocchio_ros2_example) StdoutLine: {'line': b'-- Found ament_lint_auto: 0.17.3 (/opt/ros/jazzy/share/ament_lint_auto/cmake)\n'}
[0.504061] (-) TimerEvent: {}
[0.558467] (pinocchio_ros2_example) StdoutLine: {'line': b"-- Added test 'copyright' to check source files copyright and LICENSE\n"}
[0.559298] (pinocchio_ros2_example) StdoutLine: {'line': b"-- Added test 'cppcheck' to perform static code analysis on C / C++ code\n"}
[0.559491] (pinocchio_ros2_example) StdoutLine: {'line': b'-- Configured cppcheck include dirs: \n'}
[0.559559] (pinocchio_ros2_example) StdoutLine: {'line': b'-- Configured cppcheck exclude dirs and/or files: \n'}
[0.560052] (pinocchio_ros2_example) StdoutLine: {'line': b"-- Added test 'cpplint' to check C / C++ code against the Google style\n"}
[0.560130] (pinocchio_ros2_example) StdoutLine: {'line': b'-- Configured cpplint exclude dirs and/or files: \n'}
[0.560381] (pinocchio_ros2_example) StdoutLine: {'line': b"-- Added test 'flake8' to check Python code syntax and style conventions\n"}
[0.560451] (pinocchio_ros2_example) StdoutLine: {'line': b"-- Configured 'flake8' exclude dirs and/or files: \n"}
[0.560728] (pinocchio_ros2_example) StdoutLine: {'line': b"-- Added test 'lint_cmake' to check CMake code style\n"}
[0.561029] (pinocchio_ros2_example) StdoutLine: {'line': b"-- Added test 'pep257' to check Python code against some of the docstring style conventions in PEP 257\n"}
[0.561726] (pinocchio_ros2_example) StdoutLine: {'line': b"-- Added test 'uncrustify' to check C / C++ code style\n"}
[0.561873] (pinocchio_ros2_example) StdoutLine: {'line': b'-- Configured uncrustify additional arguments: \n'}
[0.562139] (pinocchio_ros2_example) StdoutLine: {'line': b"-- Added test 'xmllint' to check XML markup files\n"}
[0.563129] (pinocchio_ros2_example) StdoutLine: {'line': b'-- Configuring done (0.5s)\n'}
[0.571787] (pinocchio_ros2_example) StdoutLine: {'line': b'-- Generating done (0.0s)\n'}
[0.575094] (pinocchio_ros2_example) StdoutLine: {'line': b'-- Build files have been written to: /home/wwl/ros2-pinocchio/build/pinocchio_ros2_example\n'}
[0.604175] (-) TimerEvent: {}
[0.647435] (pinocchio_ros2_example) StdoutLine: {'line': b'[ 50%] Building CXX object CMakeFiles/pinocchio_node.dir/src/pinocchio_node.cpp.o\n'}
[0.704294] (-) TimerEvent: {}
[0.804479] (-) TimerEvent: {}
[0.904656] (-) TimerEvent: {}
[1.004839] (-) TimerEvent: {}
[1.105021] (-) TimerEvent: {}
[1.205203] (-) TimerEvent: {}
[1.305393] (-) TimerEvent: {}
[1.405590] (-) TimerEvent: {}
[1.505761] (-) TimerEvent: {}
[1.605957] (-) TimerEvent: {}
[1.706152] (-) TimerEvent: {}
[1.806362] (-) TimerEvent: {}
[1.906555] (-) TimerEvent: {}
[2.006744] (-) TimerEvent: {}
[2.106869] (-) TimerEvent: {}
[2.207043] (-) TimerEvent: {}
[2.307245] (-) TimerEvent: {}
[2.407445] (-) TimerEvent: {}
[2.507656] (-) TimerEvent: {}
[2.607918] (-) TimerEvent: {}
[2.708114] (-) TimerEvent: {}
[2.808285] (-) TimerEvent: {}
[2.908479] (-) TimerEvent: {}
[3.008696] (-) TimerEvent: {}
[3.108880] (-) TimerEvent: {}
[3.209086] (-) TimerEvent: {}
[3.309258] (-) TimerEvent: {}
[3.409446] (-) TimerEvent: {}
[3.509635] (-) TimerEvent: {}
[3.609858] (-) TimerEvent: {}
[3.710046] (-) TimerEvent: {}
[3.810273] (-) TimerEvent: {}
[3.910471] (-) TimerEvent: {}
[4.010682] (-) TimerEvent: {}
[4.110875] (-) TimerEvent: {}
[4.211050] (-) TimerEvent: {}
[4.311214] (-) TimerEvent: {}
[4.411396] (-) TimerEvent: {}
[4.511572] (-) TimerEvent: {}
[4.611769] (-) TimerEvent: {}
[4.711956] (-) TimerEvent: {}
[4.812120] (-) TimerEvent: {}
[4.912290] (-) TimerEvent: {}
[5.012468] (-) TimerEvent: {}
[5.112685] (-) TimerEvent: {}
[5.212939] (-) TimerEvent: {}
[5.313132] (-) TimerEvent: {}
[5.413402] (-) TimerEvent: {}
[5.513594] (-) TimerEvent: {}
[5.613777] (-) TimerEvent: {}
[5.713947] (-) TimerEvent: {}
[5.814117] (-) TimerEvent: {}
[5.914310] (-) TimerEvent: {}
[6.014502] (-) TimerEvent: {}
[6.114706] (-) TimerEvent: {}
[6.214892] (-) TimerEvent: {}
[6.315062] (-) TimerEvent: {}
[6.415318] (-) TimerEvent: {}
[6.515533] (-) TimerEvent: {}
[6.615723] (-) TimerEvent: {}
[6.715885] (-) TimerEvent: {}
[6.816152] (-) TimerEvent: {}
[6.916348] (-) TimerEvent: {}
[7.016536] (-) TimerEvent: {}
[7.116725] (-) TimerEvent: {}
[7.217001] (-) TimerEvent: {}
[7.317203] (-) TimerEvent: {}
[7.417410] (-) TimerEvent: {}
[7.517617] (-) TimerEvent: {}
[7.617824] (-) TimerEvent: {}
[7.718026] (-) TimerEvent: {}
[7.818239] (-) TimerEvent: {}
[7.918452] (-) TimerEvent: {}
[8.018661] (-) TimerEvent: {}
[8.118903] (-) TimerEvent: {}
[8.219130] (-) TimerEvent: {}
[8.319358] (-) TimerEvent: {}
[8.419581] (-) TimerEvent: {}
[8.519780] (-) TimerEvent: {}
[8.619999] (-) TimerEvent: {}
[8.720213] (-) TimerEvent: {}
[8.820404] (-) TimerEvent: {}
[8.920608] (-) TimerEvent: {}
[9.020824] (-) TimerEvent: {}
[9.120984] (-) TimerEvent: {}
[9.221155] (-) TimerEvent: {}
[9.321348] (-) TimerEvent: {}
[9.421543] (-) TimerEvent: {}
[9.521737] (-) TimerEvent: {}
[9.621944] (-) TimerEvent: {}
[9.722237] (-) TimerEvent: {}
[9.822439] (-) TimerEvent: {}
[9.922712] (-) TimerEvent: {}
[10.022892] (-) TimerEvent: {}
[10.123065] (-) TimerEvent: {}
[10.223247] (-) TimerEvent: {}
[10.323445] (-) TimerEvent: {}
[10.423652] (-) TimerEvent: {}
[10.523859] (-) TimerEvent: {}
[10.624038] (-) TimerEvent: {}
[10.726893] (-) TimerEvent: {}
[10.827110] (-) TimerEvent: {}
[10.927308] (-) TimerEvent: {}
[11.027532] (-) TimerEvent: {}
[11.127736] (-) TimerEvent: {}
[11.227921] (-) TimerEvent: {}
[11.328126] (-) TimerEvent: {}
[11.428300] (-) TimerEvent: {}
[11.528514] (-) TimerEvent: {}
[11.628713] (-) TimerEvent: {}
[11.728893] (-) TimerEvent: {}
[11.829068] (-) TimerEvent: {}
[11.929295] (-) TimerEvent: {}
[12.029494] (-) TimerEvent: {}
[12.129708] (-) TimerEvent: {}
[12.229956] (-) TimerEvent: {}
[12.330127] (-) TimerEvent: {}
[12.430320] (-) TimerEvent: {}
[12.530528] (-) TimerEvent: {}
[12.630710] (-) TimerEvent: {}
[12.730856] (-) TimerEvent: {}
[12.831036] (-) TimerEvent: {}
[12.931281] (-) TimerEvent: {}
[13.031473] (-) TimerEvent: {}
[13.131670] (-) TimerEvent: {}
[13.231945] (-) TimerEvent: {}
[13.332130] (-) TimerEvent: {}
[13.432319] (-) TimerEvent: {}
[13.532546] (-) TimerEvent: {}
[13.632843] (-) TimerEvent: {}
[13.733029] (-) TimerEvent: {}
[13.833233] (-) TimerEvent: {}
[13.933442] (-) TimerEvent: {}
[14.033642] (-) TimerEvent: {}
[14.133860] (-) TimerEvent: {}
[14.234097] (-) TimerEvent: {}
[14.334376] (-) TimerEvent: {}
[14.434576] (-) TimerEvent: {}
[14.534813] (-) TimerEvent: {}
[14.635006] (-) TimerEvent: {}
[14.735220] (-) TimerEvent: {}
[14.835421] (-) TimerEvent: {}
[14.935635] (-) TimerEvent: {}
[15.035837] (-) TimerEvent: {}
[15.136010] (-) TimerEvent: {}
[15.236203] (-) TimerEvent: {}
[15.336396] (-) TimerEvent: {}
[15.436581] (-) TimerEvent: {}
[15.536772] (-) TimerEvent: {}
[15.636958] (-) TimerEvent: {}
[15.737132] (-) TimerEvent: {}
[15.837339] (-) TimerEvent: {}
[15.937535] (-) TimerEvent: {}
[16.037750] (-) TimerEvent: {}
[16.137940] (-) TimerEvent: {}
[16.238147] (-) TimerEvent: {}
[16.338341] (-) TimerEvent: {}
[16.438537] (-) TimerEvent: {}
[16.538744] (-) TimerEvent: {}
[16.638923] (-) TimerEvent: {}
[16.739094] (-) TimerEvent: {}
[16.839293] (-) TimerEvent: {}
[16.939482] (-) TimerEvent: {}
[17.039676] (-) TimerEvent: {}
[17.122051] (pinocchio_ros2_example) StderrLine: {'line': b'In file included from /opt/openrobots/lib/pkgconfig/../../include/pinocchio/algorithm/crba.hpp:58,\n'}
[17.122235] (pinocchio_ros2_example) StderrLine: {'line': b'                 from /home/wwl/ros2-pinocchio/src/pinocchio_ros2_example/src/pinocchio_node.cpp:7:\n'}
[17.122331] (pinocchio_ros2_example) StderrLine: {'line': b'/opt/openrobots/lib/pkgconfig/../../include/pinocchio/algorithm/crba.hxx: In function \xe2\x80\x98const typename pinocchio::DataTpl<_Scalar, _Options, JointCollectionTpl>::MatrixXs& pinocchio::crba(const ModelTpl<_Scalar, _Options, JointCollectionTpl>&, DataTpl<S1, O1, JointCollectionTpl>&, const Eigen::MatrixBase<Matrix3Like>&, Convention) [with Scalar = double; int Options = 0; JointCollectionTpl = JointCollectionDefaultTpl; ConfigVectorType = Eigen::Matrix<double, -1, 1>]\xe2\x80\x99:\n'}
[17.122441] (pinocchio_ros2_example) StderrLine: {'line': b'/opt/openrobots/lib/pkgconfig/../../include/pinocchio/algorithm/crba.hxx:327:3: warning: control reaches end of non-void function [-Wreturn-type]\n'}
[17.122526] (pinocchio_ros2_example) StderrLine: {'line': b'  327 |   }\n'}
[17.122613] (pinocchio_ros2_example) StderrLine: {'line': b'      |   ^\n'}
[17.139893] (-) TimerEvent: {}
[17.240066] (-) TimerEvent: {}
[17.340235] (-) TimerEvent: {}
[17.440428] (-) TimerEvent: {}
[17.540614] (-) TimerEvent: {}
[17.640816] (-) TimerEvent: {}
[17.741024] (-) TimerEvent: {}
[17.841217] (-) TimerEvent: {}
[17.941413] (-) TimerEvent: {}
[18.041644] (-) TimerEvent: {}
[18.141834] (-) TimerEvent: {}
[18.242001] (-) TimerEvent: {}
[18.342175] (-) TimerEvent: {}
[18.442443] (-) TimerEvent: {}
[18.542615] (-) TimerEvent: {}
[18.642825] (-) TimerEvent: {}
[18.743028] (-) TimerEvent: {}
[18.843260] (-) TimerEvent: {}
[18.943437] (-) TimerEvent: {}
[19.043635] (-) TimerEvent: {}
[19.143858] (-) TimerEvent: {}
[19.244039] (-) TimerEvent: {}
[19.344231] (-) TimerEvent: {}
[19.444408] (-) TimerEvent: {}
[19.544592] (-) TimerEvent: {}
[19.644789] (-) TimerEvent: {}
[19.744988] (-) TimerEvent: {}
[19.845203] (-) TimerEvent: {}
[19.945403] (-) TimerEvent: {}
[20.045605] (-) TimerEvent: {}
[20.145809] (-) TimerEvent: {}
[20.245976] (-) TimerEvent: {}
[20.346179] (-) TimerEvent: {}
[20.446372] (-) TimerEvent: {}
[20.546576] (-) TimerEvent: {}
[20.646759] (-) TimerEvent: {}
[20.746963] (-) TimerEvent: {}
[20.847229] (-) TimerEvent: {}
[20.947420] (-) TimerEvent: {}
[21.047609] (-) TimerEvent: {}
[21.147816] (-) TimerEvent: {}
[21.248085] (-) TimerEvent: {}
[21.348274] (-) TimerEvent: {}
[21.448460] (-) TimerEvent: {}
[21.548650] (-) TimerEvent: {}
[21.648948] (-) TimerEvent: {}
[21.749115] (-) TimerEvent: {}
[21.849403] (-) TimerEvent: {}
[21.949612] (-) TimerEvent: {}
[22.049814] (-) TimerEvent: {}
[22.149986] (-) TimerEvent: {}
[22.250155] (-) TimerEvent: {}
[22.350353] (-) TimerEvent: {}
[22.450579] (-) TimerEvent: {}
[22.550761] (-) TimerEvent: {}
[22.650966] (-) TimerEvent: {}
[22.751159] (-) TimerEvent: {}
[22.851357] (-) TimerEvent: {}
[22.951568] (-) TimerEvent: {}
[23.051754] (-) TimerEvent: {}
[23.151952] (-) TimerEvent: {}
[23.252155] (-) TimerEvent: {}
[23.352444] (-) TimerEvent: {}
[23.452644] (-) TimerEvent: {}
[23.552850] (-) TimerEvent: {}
[23.653028] (-) TimerEvent: {}
[23.753219] (-) TimerEvent: {}
[23.853397] (-) TimerEvent: {}
[23.953597] (-) TimerEvent: {}
[24.053818] (-) TimerEvent: {}
[24.153991] (-) TimerEvent: {}
[24.254186] (-) TimerEvent: {}
[24.354390] (-) TimerEvent: {}
[24.454601] (-) TimerEvent: {}
[24.554796] (-) TimerEvent: {}
[24.655113] (-) TimerEvent: {}
[24.755278] (-) TimerEvent: {}
[24.855482] (-) TimerEvent: {}
[24.955673] (-) TimerEvent: {}
[25.055855] (-) TimerEvent: {}
[25.156036] (-) TimerEvent: {}
[25.256242] (-) TimerEvent: {}
[25.356429] (-) TimerEvent: {}
[25.456631] (-) TimerEvent: {}
[25.556835] (-) TimerEvent: {}
[25.657015] (-) TimerEvent: {}
[25.757199] (-) TimerEvent: {}
[25.857408] (-) TimerEvent: {}
[25.957598] (-) TimerEvent: {}
[26.057812] (-) TimerEvent: {}
[26.157987] (-) TimerEvent: {}
[26.258200] (-) TimerEvent: {}
[26.358382] (-) TimerEvent: {}
[26.458586] (-) TimerEvent: {}
[26.558777] (-) TimerEvent: {}
[26.658983] (-) TimerEvent: {}
[26.759177] (-) TimerEvent: {}
[26.859386] (-) TimerEvent: {}
[26.959610] (-) TimerEvent: {}
[27.059842] (-) TimerEvent: {}
[27.160027] (-) TimerEvent: {}
[27.260258] (-) TimerEvent: {}
[27.360455] (-) TimerEvent: {}
[27.460714] (-) TimerEvent: {}
[27.560893] (-) TimerEvent: {}
[27.661066] (-) TimerEvent: {}
[27.761264] (-) TimerEvent: {}
[27.861459] (-) TimerEvent: {}
[27.961655] (-) TimerEvent: {}
[28.061860] (-) TimerEvent: {}
[28.162035] (-) TimerEvent: {}
[28.262227] (-) TimerEvent: {}
[28.362438] (-) TimerEvent: {}
[28.462630] (-) TimerEvent: {}
[28.562840] (-) TimerEvent: {}
[28.663115] (-) TimerEvent: {}
[28.763313] (-) TimerEvent: {}
[28.863505] (-) TimerEvent: {}
[28.963702] (-) TimerEvent: {}
[29.063967] (-) TimerEvent: {}
[29.164196] (-) TimerEvent: {}
[29.264389] (-) TimerEvent: {}
[29.312293] (pinocchio_ros2_example) StdoutLine: {'line': b'[100%] Linking CXX executable pinocchio_node\n'}
[29.364510] (-) TimerEvent: {}
[29.464699] (-) TimerEvent: {}
[29.472083] (pinocchio_ros2_example) StdoutLine: {'line': b'[100%] Built target pinocchio_node\n'}
[29.481113] (pinocchio_ros2_example) CommandEnded: {'returncode': 0}
[29.481844] (pinocchio_ros2_example) JobProgress: {'identifier': 'pinocchio_ros2_example', 'progress': 'install'}
[29.489891] (pinocchio_ros2_example) Command: {'cmd': ['/usr/bin/cmake', '--install', '/home/wwl/ros2-pinocchio/build/pinocchio_ros2_example'], 'cwd': '/home/wwl/ros2-pinocchio/build/pinocchio_ros2_example', 'env': OrderedDict({'GJS_DEBUG_TOPICS': 'JS ERROR;JS LOG', 'LESSOPEN': '| /usr/bin/lesspipe %s', 'VSCODE_CWD': '/home/wwl', 'VSCODE_ESM_ENTRYPOINT': 'vs/workbench/api/node/extensionHostProcess', 'USER': 'wwl', 'VSCODE_NLS_CONFIG': '{"userLocale":"zh-cn","osLocale":"zh-cn","resolvedLanguage":"zh-cn","defaultMessagesFile":"/usr/share/cursor/resources/app/out/nls.messages.json","languagePack":{"translationsConfigFile":"/home/wwl/.config/Cursor/clp/6fe284ae87274d9cb2cdffc89b193492.zh-cn/tcf.json","messagesFile":"/home/wwl/.config/Cursor/clp/6fe284ae87274d9cb2cdffc89b193492.zh-cn/b9e5948c1ad20443a5cecba6b84a3c9b99d62580/nls.messages.json","corruptMarkerFile":"/home/wwl/.config/Cursor/clp/6fe284ae87274d9cb2cdffc89b193492.zh-cn/corrupted.info"},"locale":"zh-cn","availableLanguages":{"*":"zh-cn"},"_languagePackId":"6fe284ae87274d9cb2cdffc89b193492.zh-cn","_languagePackSupport":true,"_translationsConfigFile":"/home/wwl/.config/Cursor/clp/6fe284ae87274d9cb2cdffc89b193492.zh-cn/tcf.json","_cacheRoot":"/home/wwl/.config/Cursor/clp/6fe284ae87274d9cb2cdffc89b193492.zh-cn","_resolvedLanguagePackCoreLocation":"/home/wwl/.config/Cursor/clp/6fe284ae87274d9cb2cdffc89b193492.zh-cn/b9e5948c1ad20443a5cecba6b84a3c9b99d62580","_corruptedFile":"/home/wwl/.config/Cursor/clp/6fe284ae87274d9cb2cdffc89b193492.zh-cn/corrupted.info"}', 'VSCODE_HANDLES_UNCAUGHT_ERRORS': 'true', 'XDG_SESSION_TYPE': 'wayland', 'CLUTTER_DISABLE_MIPMAPPED_TEXT': '1', 'SHLVL': '1', 'LD_LIBRARY_PATH': '/opt/openrobots/lib:/opt/openrobots/lib:/opt/ros/jazzy/opt/rviz_ogre_vendor/lib:/opt/ros/jazzy/lib/x86_64-linux-gnu:/opt/ros/jazzy/opt/gz_math_vendor/lib:/opt/ros/jazzy/opt/gz_utils_vendor/lib:/opt/ros/jazzy/opt/gz_cmake_vendor/lib:/opt/ros/jazzy/lib', 'HOME': '/home/wwl', 'CHROME_DESKTOP': 'cursor.desktop', 'OLDPWD': '/home/wwl/ros2-pinocchio', 'DESKTOP_SESSION': 'ubuntu', 'MODELSCOPE_API_KEY': 'ms-b6c1f81e-4bb2-4f29-99a3-8fc2b1c21599', 'VSCODE_IPC_HOOK': '/run/user/1000/vscode-09cf815b-1.7.-main.sock', 'GIO_LAUNCHED_DESKTOP_FILE': '/usr/share/applications/cursor.desktop', 'ROS_PYTHON_VERSION': '3', 'GNOME_SHELL_SESSION_MODE': 'ubuntu', 'GTK_MODULES': 'gail:atk-bridge', 'SDL_IM_MODULE': 'fcitx', 'MANAGERPID': '1989', 'SYSTEMD_EXEC_PID': '2289', 'IM_CONFIG_CHECK_ENV': '1', 'GSM_SKIP_SSH_AGENT_WORKAROUND': 'true', 'NO_COLOR': '1', 'DBUS_SESSION_BUS_ADDRESS': 'unix:path=/run/user/1000/bus', 'CODEX_TOKEN': 'user:87969/7d48a59ba95f4fbbb9930444a8ad2200', 'GIO_LAUNCHED_DESKTOP_FILE_PID': '4596', 'VSCODE_CRASH_REPORTER_PROCESS_TYPE': 'extensionHost', 'DEBUGINFOD_URLS': 'https://debuginfod.ubuntu.com', 'IM_CONFIG_PHASE': '1', 'WAYLAND_DISPLAY': 'wayland-0', 'VSCODE_L10N_BUNDLE_LOCATION': 'file:///home/wwl/.cursor/extensions/ms-ceintl.vscode-language-pack-zh-hans-1.99.0-universal/translations/extensions/vscode.json-language-features.i18n.json', 'ROS_DISTRO': 'jazzy', 'GTK_IM_MODULE': 'fcitx', 'LOGNAME': 'wwl', 'FORCE_COLOR': '0', 'JOURNAL_STREAM': '9:20894', '_': '/usr/bin/colcon', 'ROS_VERSION': '2', 'PKG_CONFIG_PATH': '/opt/openrobots/lib/pkgconfig:/opt/openrobots/lib/pkgconfig:', 'MEMORY_PRESSURE_WATCH': '/sys/fs/cgroup/user.slice/user-1000.slice/user@1000.service/session.slice/org.gnome.Shell@wayland.service/memory.pressure', 'XDG_SESSION_CLASS': 'user', 'USERNAME': 'wwl', 'TERM': 'dumb', 'GNOME_DESKTOP_SESSION_ID': 'this-is-deprecated', 'COMPOSER_NO_INTERACTION': '1', 'PATH': '/opt/openrobots/bin:/home/wwl/local/bin:/opt/openrobots/bin:/home/wwl/local/bin:/opt/ros/jazzy/bin:/usr/local/sbin:/usr/local/bin:/usr/sbin:/usr/bin:/sbin:/bin:/usr/games:/usr/local/games:/snap/bin:/snap/bin', 'SESSION_MANAGER': 'local/wwl-MACHD-WXX9:@/tmp/.ICE-unix/2242,unix/wwl-MACHD-WXX9:/tmp/.ICE-unix/2242', 'INVOCATION_ID': '32d5cecf50484de6be684f71f5b10c74', 'XDG_MENU_PREFIX': 'gnome-', 'VSCODE_PROCESS_TITLE': 'extension-host  [1-5]', 'GNOME_SETUP_DISPLAY': ':1', 'XDG_RUNTIME_DIR': '/run/user/1000', 'GDK_BACKEND': 'x11', 'CURSOR_AGENT': '1', 'DISPLAY': ':0', 'LANG': 'zh_CN.UTF-8', 'XDG_CURRENT_DESKTOP': 'Unity', 'XMODIFIERS': '@im=fcitx', 'XDG_SESSION_DESKTOP': 'ubuntu', 'XAUTHORITY': '/run/user/1000/.mutter-Xwaylandauth.7FH3F3', 'LS_COLORS': '', 'SBX_CHROME_API_RQ': '1', 'CURSOR_TRACE_ID': 'f31f4e273260456ebbc030f04a6d4693', 'SSH_AUTH_SOCK': '/run/user/1000/keyring/ssh', 'AMENT_PREFIX_PATH': '/opt/ros/jazzy', 'ORIGINAL_XDG_CURRENT_DESKTOP': 'ubuntu:GNOME', 'CODEX_URL': 'https://cmd.micosoft.icu/', 'SHELL': '/bin/bash', 'QT_ACCESSIBILITY': '1', 'GDMSESSION': 'ubuntu', 'LESSCLOSE': '/usr/bin/lesspipe %s %s', 'GJS_DEBUG_OUTPUT': 'stderr', 'ROS_AUTOMATIC_DISCOVERY_RANGE': 'SUBNET', 'QT_IM_MODULE': 'fcitx', 'PWD': '/home/wwl/ros2-pinocchio/build/pinocchio_ros2_example', 'XDG_CONFIG_DIRS': '/etc/xdg/xdg-ubuntu:/etc/xdg', 'VSCODE_CODE_CACHE_PATH': '/home/wwl/.config/Cursor/CachedData/b9e5948c1ad20443a5cecba6b84a3c9b99d62580', 'PICO_SDK_PATH': '/home/wwl/pico-sdk', 'CLUTTER_IM_MODULE': 'xim', 'XDG_DATA_DIRS': '/usr/share/ubuntu:/usr/share/gnome:/usr/local/share/:/usr/share/:/var/lib/snapd/desktop', 'QTWEBENGINE_DICTIONARIES_PATH': '/usr/share/hunspell-bdic/', 'PYTHONPATH': '/opt/openrobots/lib/python3.12/site-packages:/opt/openrobots/lib/python3.12/site-packages:/opt/ros/jazzy/lib/python3.12/site-packages', 'COLCON': '1', 'MEMORY_PRESSURE_WRITE': 'c29tZSAyMDAwMDAgMjAwMDAwMAA=', 'CMAKE_PREFIX_PATH': '/opt/openrobots:/opt/openrobots:/opt/ros/jazzy/opt/gz_math_vendor:/opt/ros/jazzy/opt/gz_utils_vendor:/opt/ros/jazzy/opt/gz_cmake_vendor:/opt/ros/jazzy', 'VSCODE_PID': '4596'}), 'shell': False}
[29.497682] (pinocchio_ros2_example) StdoutLine: {'line': b'-- Install configuration: "Release"\n'}
[29.497932] (pinocchio_ros2_example) StdoutLine: {'line': b'-- Installing: /home/wwl/ros2-pinocchio/install/pinocchio_ros2_example/lib/pinocchio_ros2_example/pinocchio_node\n'}
[29.498462] (pinocchio_ros2_example) StdoutLine: {'line': b'-- Set non-toolchain portion of runtime path of "/home/wwl/ros2-pinocchio/install/pinocchio_ros2_example/lib/pinocchio_ros2_example/pinocchio_node" to ""\n'}
[29.498709] (pinocchio_ros2_example) StdoutLine: {'line': b'-- Up-to-date: /home/wwl/ros2-pinocchio/install/pinocchio_ros2_example/lib/pinocchio_ros2_example/pinocchio_python_node.py\n'}
[29.499028] (pinocchio_ros2_example) StdoutLine: {'line': b'-- Up-to-date: /home/wwl/ros2-pinocchio/install/pinocchio_ros2_example/lib/pinocchio_ros2_example/fluid_dynamics_node.py\n'}
[29.499240] (pinocchio_ros2_example) StdoutLine: {'line': b'-- Up-to-date: /home/wwl/ros2-pinocchio/install/pinocchio_ros2_example/share/pinocchio_ros2_example/launch\n'}
[29.499306] (pinocchio_ros2_example) StdoutLine: {'line': b'-- Up-to-date: /home/wwl/ros2-pinocchio/install/pinocchio_ros2_example/share/pinocchio_ros2_example/launch/fluid_dynamics.launch.py\n'}
[29.499364] (pinocchio_ros2_example) StdoutLine: {'line': b'-- Up-to-date: /home/wwl/ros2-pinocchio/install/pinocchio_ros2_example/share/pinocchio_ros2_example/models\n'}
[29.499427] (pinocchio_ros2_example) StdoutLine: {'line': b'-- Up-to-date: /home/wwl/ros2-pinocchio/install/pinocchio_ros2_example/share/pinocchio_ros2_example/models/two_link.urdf\n'}
[29.499484] (pinocchio_ros2_example) StdoutLine: {'line': b'-- Up-to-date: /home/wwl/ros2-pinocchio/install/pinocchio_ros2_example/share/ament_index/resource_index/package_run_dependencies/pinocchio_ros2_example\n'}
[29.499540] (pinocchio_ros2_example) StdoutLine: {'line': b'-- Installing: /home/wwl/ros2-pinocchio/install/pinocchio_ros2_example/share/ament_index/resource_index/parent_prefix_path/pinocchio_ros2_example\n'}
[29.499597] (pinocchio_ros2_example) StdoutLine: {'line': b'-- Up-to-date: /home/wwl/ros2-pinocchio/install/pinocchio_ros2_example/share/pinocchio_ros2_example/environment/ament_prefix_path.sh\n'}
[29.499654] (pinocchio_ros2_example) StdoutLine: {'line': b'-- Up-to-date: /home/wwl/ros2-pinocchio/install/pinocchio_ros2_example/share/pinocchio_ros2_example/environment/ament_prefix_path.dsv\n'}
[29.499711] (pinocchio_ros2_example) StdoutLine: {'line': b'-- Up-to-date: /home/wwl/ros2-pinocchio/install/pinocchio_ros2_example/share/pinocchio_ros2_example/environment/path.sh\n'}
[29.499767] (pinocchio_ros2_example) StdoutLine: {'line': b'-- Up-to-date: /home/wwl/ros2-pinocchio/install/pinocchio_ros2_example/share/pinocchio_ros2_example/environment/path.dsv\n'}
[29.499854] (pinocchio_ros2_example) StdoutLine: {'line': b'-- Up-to-date: /home/wwl/ros2-pinocchio/install/pinocchio_ros2_example/share/pinocchio_ros2_example/local_setup.bash\n'}
[29.499930] (pinocchio_ros2_example) StdoutLine: {'line': b'-- Up-to-date: /home/wwl/ros2-pinocchio/install/pinocchio_ros2_example/share/pinocchio_ros2_example/local_setup.sh\n'}
[29.500003] (pinocchio_ros2_example) StdoutLine: {'line': b'-- Up-to-date: /home/wwl/ros2-pinocchio/install/pinocchio_ros2_example/share/pinocchio_ros2_example/local_setup.zsh\n'}
[29.500075] (pinocchio_ros2_example) StdoutLine: {'line': b'-- Up-to-date: /home/wwl/ros2-pinocchio/install/pinocchio_ros2_example/share/pinocchio_ros2_example/local_setup.dsv\n'}
[29.500146] (pinocchio_ros2_example) StdoutLine: {'line': b'-- Installing: /home/wwl/ros2-pinocchio/install/pinocchio_ros2_example/share/pinocchio_ros2_example/package.dsv\n'}
[29.500217] (pinocchio_ros2_example) StdoutLine: {'line': b'-- Up-to-date: /home/wwl/ros2-pinocchio/install/pinocchio_ros2_example/share/ament_index/resource_index/packages/pinocchio_ros2_example\n'}
[29.500289] (pinocchio_ros2_example) StdoutLine: {'line': b'-- Up-to-date: /home/wwl/ros2-pinocchio/install/pinocchio_ros2_example/share/pinocchio_ros2_example/cmake/pinocchio_ros2_exampleConfig.cmake\n'}
[29.500360] (pinocchio_ros2_example) StdoutLine: {'line': b'-- Up-to-date: /home/wwl/ros2-pinocchio/install/pinocchio_ros2_example/share/pinocchio_ros2_example/cmake/pinocchio_ros2_exampleConfig-version.cmake\n'}
[29.500429] (pinocchio_ros2_example) StdoutLine: {'line': b'-- Up-to-date: /home/wwl/ros2-pinocchio/install/pinocchio_ros2_example/share/pinocchio_ros2_example/package.xml\n'}
[29.501005] (pinocchio_ros2_example) CommandEnded: {'returncode': 0}
[29.513823] (pinocchio_ros2_example) JobEnded: {'identifier': 'pinocchio_ros2_example', 'rc': 0}
[29.514310] (-) EventReactorShutdown: {}
