[0.014s] Invoking command in '/home/wwl/ros2-pinocchio/build/pinocchio_ros2_example': CMAKE_PREFIX_PATH=${CMAKE_PREFIX_PATH}:/opt/ros/jazzy DEBUGINFOD_URLS=https://debuginfod.ubuntu.com /usr/bin/cmake --build /home/wwl/ros2-pinocchio/build/pinocchio_ros2_example -- -j8 -l8
[0.100s] [100%] Built target pinocchio_node
[0.110s] Invoked command in '/home/wwl/ros2-pinocchio/build/pinocchio_ros2_example' returned '0': CMAKE_PREFIX_PATH=${CMAKE_PREFIX_PATH}:/opt/ros/jazzy DEBUGINFOD_URLS=https://debuginfod.ubuntu.com /usr/bin/cmake --build /home/wwl/ros2-pinocchio/build/pinocchio_ros2_example -- -j8 -l8
[0.118s] Invoking command in '/home/wwl/ros2-pinocchio/build/pinocchio_ros2_example': CMAKE_PREFIX_PATH=${CMAKE_PREFIX_PATH}:/opt/ros/jazzy DEBUGINFOD_URLS=https://debuginfod.ubuntu.com /usr/bin/cmake --install /home/wwl/ros2-pinocchio/build/pinocchio_ros2_example
[0.125s] -- Install configuration: "Release"
[0.125s] -- Up-to-date: /home/wwl/ros2-pinocchio/install/pinocchio_ros2_example/lib/pinocchio_ros2_example/pinocchio_node
[0.125s] -- Up-to-date: /home/wwl/ros2-pinocchio/install/pinocchio_ros2_example/lib/pinocchio_ros2_example/pinocchio_python_node.py
[0.126s] -- Installing: /home/wwl/ros2-pinocchio/install/pinocchio_ros2_example/lib/pinocchio_ros2_example/fluid_dynamics_node.py
[0.126s] -- Up-to-date: /home/wwl/ros2-pinocchio/install/pinocchio_ros2_example/share/pinocchio_ros2_example/launch
[0.126s] -- Up-to-date: /home/wwl/ros2-pinocchio/install/pinocchio_ros2_example/share/pinocchio_ros2_example/launch/fluid_dynamics.launch.py
[0.126s] -- Up-to-date: /home/wwl/ros2-pinocchio/install/pinocchio_ros2_example/share/pinocchio_ros2_example/models
[0.126s] -- Up-to-date: /home/wwl/ros2-pinocchio/install/pinocchio_ros2_example/share/pinocchio_ros2_example/models/two_link.urdf
[0.126s] -- Up-to-date: /home/wwl/ros2-pinocchio/install/pinocchio_ros2_example/share/ament_index/resource_index/package_run_dependencies/pinocchio_ros2_example
[0.126s] -- Up-to-date: /home/wwl/ros2-pinocchio/install/pinocchio_ros2_example/share/ament_index/resource_index/parent_prefix_path/pinocchio_ros2_example
[0.127s] -- Up-to-date: /home/wwl/ros2-pinocchio/install/pinocchio_ros2_example/share/pinocchio_ros2_example/environment/ament_prefix_path.sh
[0.127s] -- Up-to-date: /home/wwl/ros2-pinocchio/install/pinocchio_ros2_example/share/pinocchio_ros2_example/environment/ament_prefix_path.dsv
[0.127s] -- Up-to-date: /home/wwl/ros2-pinocchio/install/pinocchio_ros2_example/share/pinocchio_ros2_example/environment/path.sh
[0.127s] -- Up-to-date: /home/wwl/ros2-pinocchio/install/pinocchio_ros2_example/share/pinocchio_ros2_example/environment/path.dsv
[0.127s] -- Up-to-date: /home/wwl/ros2-pinocchio/install/pinocchio_ros2_example/share/pinocchio_ros2_example/local_setup.bash
[0.127s] -- Up-to-date: /home/wwl/ros2-pinocchio/install/pinocchio_ros2_example/share/pinocchio_ros2_example/local_setup.sh
[0.127s] -- Up-to-date: /home/wwl/ros2-pinocchio/install/pinocchio_ros2_example/share/pinocchio_ros2_example/local_setup.zsh
[0.127s] -- Up-to-date: /home/wwl/ros2-pinocchio/install/pinocchio_ros2_example/share/pinocchio_ros2_example/local_setup.dsv
[0.127s] -- Installing: /home/wwl/ros2-pinocchio/install/pinocchio_ros2_example/share/pinocchio_ros2_example/package.dsv
[0.127s] -- Up-to-date: /home/wwl/ros2-pinocchio/install/pinocchio_ros2_example/share/ament_index/resource_index/packages/pinocchio_ros2_example
[0.127s] -- Up-to-date: /home/wwl/ros2-pinocchio/install/pinocchio_ros2_example/share/pinocchio_ros2_example/cmake/pinocchio_ros2_exampleConfig.cmake
[0.127s] -- Up-to-date: /home/wwl/ros2-pinocchio/install/pinocchio_ros2_example/share/pinocchio_ros2_example/cmake/pinocchio_ros2_exampleConfig-version.cmake
[0.128s] -- Up-to-date: /home/wwl/ros2-pinocchio/install/pinocchio_ros2_example/share/pinocchio_ros2_example/package.xml
[0.128s] Invoked command in '/home/wwl/ros2-pinocchio/build/pinocchio_ros2_example' returned '0': CMAKE_PREFIX_PATH=${CMAKE_PREFIX_PATH}:/opt/ros/jazzy DEBUGINFOD_URLS=https://debuginfod.ubuntu.com /usr/bin/cmake --install /home/wwl/ros2-pinocchio/build/pinocchio_ros2_example
