[0.011s] Invoking command in '/home/wwl/ros2-pinocchio/build/pinocchio_ros2_example': CMAKE_PREFIX_PATH=${CMAKE_PREFIX_PATH}:/opt/ros/jazzy DEBUGINFOD_URLS=https://debuginfod.ubuntu.com /usr/bin/cmake --build /home/wwl/ros2-pinocchio/build/pinocchio_ros2_example -- -j8 -l8
[0.048s] -- Found ament_cmake: 2.5.4 (/opt/ros/jazzy/share/ament_cmake/cmake)
[0.362s] -- Found rclcpp: 28.1.12 (/opt/ros/jazzy/share/rclcpp/cmake)
[0.425s] -- Found rosidl_generator_c: 4.6.6 (/opt/ros/jazzy/share/rosidl_generator_c/cmake)
[0.438s] -- Found rosidl_generator_cpp: 4.6.6 (/opt/ros/jazzy/share/rosidl_generator_cpp/cmake)
[0.453s] -- Using all available rosidl_typesupport_c: rosidl_typesupport_fastrtps_c;rosidl_typesupport_introspection_c
[0.469s] -- Using all available rosidl_typesupport_cpp: rosidl_typesupport_fastrtps_cpp;rosidl_typesupport_introspection_cpp
[0.544s] -- Found rmw_implementation_cmake: 7.3.2 (/opt/ros/jazzy/share/rmw_implementation_cmake/cmake)
[0.546s] -- Found rmw_fastrtps_cpp: 8.4.3 (/opt/ros/jazzy/share/rmw_fastrtps_cpp/cmake)
[0.622s] -- Using RMW implementation 'rmw_fastrtps_cpp' as default
[0.697s] -- Found std_msgs: 5.3.6 (/opt/ros/jazzy/share/std_msgs/cmake)
[0.717s] -- Pinocchio include dirs: /opt/openrobots/lib/pkgconfig/../../include;/usr/include/eigen3;/usr/lib/x86_64-linux-gnu/pkgconfig/../../../include/urdfdom;/usr/include;/opt/openrobots/include
[0.717s] -- Pinocchio libraries: pinocchio_default;pinocchio_parsers;pinocchio_casadi;boost_filesystem;boost_serialization;boost_system;urdfdom_sensor;urdfdom_model_state;urdfdom_model;urdfdom_world;casadi
[0.719s] -- Found ament_lint_auto: 0.17.3 (/opt/ros/jazzy/share/ament_lint_auto/cmake)
[0.842s] -- Added test 'copyright' to check source files copyright and LICENSE
[0.843s] -- Added test 'cppcheck' to perform static code analysis on C / C++ code
[0.843s] -- Configured cppcheck include dirs: 
[0.843s] -- Configured cppcheck exclude dirs and/or files: 
[0.844s] -- Added test 'cpplint' to check C / C++ code against the Google style
[0.844s] -- Configured cpplint exclude dirs and/or files: 
[0.845s] -- Added test 'flake8' to check Python code syntax and style conventions
[0.845s] -- Configured 'flake8' exclude dirs and/or files: 
[0.846s] -- Added test 'lint_cmake' to check CMake code style
[0.847s] -- Added test 'pep257' to check Python code against some of the docstring style conventions in PEP 257
[0.848s] -- Added test 'uncrustify' to check C / C++ code style
[0.848s] -- Configured uncrustify additional arguments: 
[0.849s] -- Added test 'xmllint' to check XML markup files
[0.850s] -- Configuring done (0.8s)
[0.862s] -- Generating done (0.0s)
[0.866s] -- Build files have been written to: /home/wwl/ros2-pinocchio/build/pinocchio_ros2_example
[0.959s] [100%] Built target pinocchio_node
[0.977s] Invoked command in '/home/wwl/ros2-pinocchio/build/pinocchio_ros2_example' returned '0': CMAKE_PREFIX_PATH=${CMAKE_PREFIX_PATH}:/opt/ros/jazzy DEBUGINFOD_URLS=https://debuginfod.ubuntu.com /usr/bin/cmake --build /home/wwl/ros2-pinocchio/build/pinocchio_ros2_example -- -j8 -l8
[0.994s] Invoking command in '/home/wwl/ros2-pinocchio/build/pinocchio_ros2_example': CMAKE_PREFIX_PATH=${CMAKE_PREFIX_PATH}:/opt/ros/jazzy DEBUGINFOD_URLS=https://debuginfod.ubuntu.com /usr/bin/cmake --install /home/wwl/ros2-pinocchio/build/pinocchio_ros2_example
[1.009s] -- Install configuration: "Release"
[1.009s] -- Up-to-date: /home/wwl/ros2-pinocchio/install/pinocchio_ros2_example/lib/pinocchio_ros2_example/pinocchio_node
[1.010s] -- Up-to-date: /home/wwl/ros2-pinocchio/install/pinocchio_ros2_example/lib/pinocchio_ros2_example/pinocchio_python_node.py
[1.010s] -- Up-to-date: /home/wwl/ros2-pinocchio/install/pinocchio_ros2_example/lib/pinocchio_ros2_example/fluid_dynamics_node.py
[1.011s] -- Up-to-date: /home/wwl/ros2-pinocchio/install/pinocchio_ros2_example/share/pinocchio_ros2_example/launch
[1.011s] -- Installing: /home/wwl/ros2-pinocchio/install/pinocchio_ros2_example/share/pinocchio_ros2_example/launch/fluid_dynamics.launch.py
[1.012s] -- Up-to-date: /home/wwl/ros2-pinocchio/install/pinocchio_ros2_example/share/pinocchio_ros2_example/models
[1.012s] -- Up-to-date: /home/wwl/ros2-pinocchio/install/pinocchio_ros2_example/share/pinocchio_ros2_example/models/two_link.urdf
[1.013s] -- Up-to-date: /home/wwl/ros2-pinocchio/install/pinocchio_ros2_example/share/pinocchio_ros2_example/config
[1.013s] -- Installing: /home/wwl/ros2-pinocchio/install/pinocchio_ros2_example/share/pinocchio_ros2_example/config/fluid_params.yaml
[1.013s] -- Up-to-date: /home/wwl/ros2-pinocchio/install/pinocchio_ros2_example/share/ament_index/resource_index/package_run_dependencies/pinocchio_ros2_example
[1.013s] -- Up-to-date: /home/wwl/ros2-pinocchio/install/pinocchio_ros2_example/share/ament_index/resource_index/parent_prefix_path/pinocchio_ros2_example
[1.014s] -- Up-to-date: /home/wwl/ros2-pinocchio/install/pinocchio_ros2_example/share/pinocchio_ros2_example/environment/ament_prefix_path.sh
[1.014s] -- Up-to-date: /home/wwl/ros2-pinocchio/install/pinocchio_ros2_example/share/pinocchio_ros2_example/environment/ament_prefix_path.dsv
[1.014s] -- Up-to-date: /home/wwl/ros2-pinocchio/install/pinocchio_ros2_example/share/pinocchio_ros2_example/environment/path.sh
[1.014s] -- Up-to-date: /home/wwl/ros2-pinocchio/install/pinocchio_ros2_example/share/pinocchio_ros2_example/environment/path.dsv
[1.014s] -- Up-to-date: /home/wwl/ros2-pinocchio/install/pinocchio_ros2_example/share/pinocchio_ros2_example/local_setup.bash
[1.015s] -- Up-to-date: /home/wwl/ros2-pinocchio/install/pinocchio_ros2_example/share/pinocchio_ros2_example/local_setup.sh
[1.015s] -- Up-to-date: /home/wwl/ros2-pinocchio/install/pinocchio_ros2_example/share/pinocchio_ros2_example/local_setup.zsh
[1.015s] -- Up-to-date: /home/wwl/ros2-pinocchio/install/pinocchio_ros2_example/share/pinocchio_ros2_example/local_setup.dsv
[1.016s] -- Installing: /home/wwl/ros2-pinocchio/install/pinocchio_ros2_example/share/pinocchio_ros2_example/package.dsv
[1.017s] -- Up-to-date: /home/wwl/ros2-pinocchio/install/pinocchio_ros2_example/share/ament_index/resource_index/packages/pinocchio_ros2_example
[1.017s] -- Up-to-date: /home/wwl/ros2-pinocchio/install/pinocchio_ros2_example/share/pinocchio_ros2_example/cmake/pinocchio_ros2_exampleConfig.cmake
[1.017s] -- Up-to-date: /home/wwl/ros2-pinocchio/install/pinocchio_ros2_example/share/pinocchio_ros2_example/cmake/pinocchio_ros2_exampleConfig-version.cmake
[1.018s] -- Up-to-date: /home/wwl/ros2-pinocchio/install/pinocchio_ros2_example/share/pinocchio_ros2_example/package.xml
[1.018s] Invoked command in '/home/wwl/ros2-pinocchio/build/pinocchio_ros2_example' returned '0': CMAKE_PREFIX_PATH=${CMAKE_PREFIX_PATH}:/opt/ros/jazzy DEBUGINFOD_URLS=https://debuginfod.ubuntu.com /usr/bin/cmake --install /home/wwl/ros2-pinocchio/build/pinocchio_ros2_example
