[0.000000] (-) TimerEvent: {}
[0.000076] (pinocchio_ros2_example) JobQueued: {'identifier': 'pinocchio_ros2_example', 'dependencies': OrderedDict()}
[0.000324] (pinocchio_ros2_example) JobStarted: {'identifier': 'pinocchio_ros2_example'}
[0.005147] (pinocchio_ros2_example) JobProgress: {'identifier': 'pinocchio_ros2_example', 'progress': 'cmake'}
[0.005550] (pinocchio_ros2_example) JobProgress: {'identifier': 'pinocchio_ros2_example', 'progress': 'build'}
[0.006062] (pinocchio_ros2_example) Command: {'cmd': ['/usr/bin/cmake', '--build', '/home/wwl/ros2_ws/build/pinocchio_ros2_example', '--', '-j8', '-l8'], 'cwd': '/home/wwl/ros2_ws/build/pinocchio_ros2_example', 'env': OrderedDict({'GJS_DEBUG_TOPICS': 'JS ERROR;JS LOG', 'LESSOPEN': '| /usr/bin/lesspipe %s', 'VSCODE_CWD': '/home/wwl', 'VSCODE_ESM_ENTRYPOINT': 'vs/workbench/api/node/extensionHostProcess', 'USER': 'wwl', 'VSCODE_NLS_CONFIG': '{"userLocale":"zh-cn","osLocale":"zh-cn","resolvedLanguage":"zh-cn","defaultMessagesFile":"/usr/share/cursor/resources/app/out/nls.messages.json","languagePack":{"translationsConfigFile":"/home/wwl/.config/Cursor/clp/6fe284ae87274d9cb2cdffc89b193492.zh-cn/tcf.json","messagesFile":"/home/wwl/.config/Cursor/clp/6fe284ae87274d9cb2cdffc89b193492.zh-cn/b9e5948c1ad20443a5cecba6b84a3c9b99d62580/nls.messages.json","corruptMarkerFile":"/home/wwl/.config/Cursor/clp/6fe284ae87274d9cb2cdffc89b193492.zh-cn/corrupted.info"},"locale":"zh-cn","availableLanguages":{"*":"zh-cn"},"_languagePackId":"6fe284ae87274d9cb2cdffc89b193492.zh-cn","_languagePackSupport":true,"_translationsConfigFile":"/home/wwl/.config/Cursor/clp/6fe284ae87274d9cb2cdffc89b193492.zh-cn/tcf.json","_cacheRoot":"/home/wwl/.config/Cursor/clp/6fe284ae87274d9cb2cdffc89b193492.zh-cn","_resolvedLanguagePackCoreLocation":"/home/wwl/.config/Cursor/clp/6fe284ae87274d9cb2cdffc89b193492.zh-cn/b9e5948c1ad20443a5cecba6b84a3c9b99d62580","_corruptedFile":"/home/wwl/.config/Cursor/clp/6fe284ae87274d9cb2cdffc89b193492.zh-cn/corrupted.info"}', 'VSCODE_HANDLES_UNCAUGHT_ERRORS': 'true', 'XDG_SESSION_TYPE': 'wayland', 'CLUTTER_DISABLE_MIPMAPPED_TEXT': '1', 'SHLVL': '1', 'LD_LIBRARY_PATH': '/opt/openrobots/lib:/opt/openrobots/lib:/opt/ros/jazzy/opt/rviz_ogre_vendor/lib:/opt/ros/jazzy/lib/x86_64-linux-gnu:/opt/ros/jazzy/opt/gz_math_vendor/lib:/opt/ros/jazzy/opt/gz_utils_vendor/lib:/opt/ros/jazzy/opt/gz_cmake_vendor/lib:/opt/ros/jazzy/lib', 'HOME': '/home/wwl', 'CHROME_DESKTOP': 'cursor.desktop', 'OLDPWD': '/home/wwl/ros2_ws', 'DESKTOP_SESSION': 'ubuntu', 'MODELSCOPE_API_KEY': 'ms-b6c1f81e-4bb2-4f29-99a3-8fc2b1c21599', 'VSCODE_IPC_HOOK': '/run/user/1000/vscode-09cf815b-1.7.-main.sock', 'GIO_LAUNCHED_DESKTOP_FILE': '/usr/share/applications/cursor.desktop', 'ROS_PYTHON_VERSION': '3', 'GNOME_SHELL_SESSION_MODE': 'ubuntu', 'GTK_MODULES': 'gail:atk-bridge', 'SDL_IM_MODULE': 'fcitx', 'MANAGERPID': '1989', 'SYSTEMD_EXEC_PID': '2289', 'IM_CONFIG_CHECK_ENV': '1', 'GSM_SKIP_SSH_AGENT_WORKAROUND': 'true', 'NO_COLOR': '1', 'DBUS_SESSION_BUS_ADDRESS': 'unix:path=/run/user/1000/bus', 'CODEX_TOKEN': 'user:87969/7d48a59ba95f4fbbb9930444a8ad2200', 'GIO_LAUNCHED_DESKTOP_FILE_PID': '4596', 'VSCODE_CRASH_REPORTER_PROCESS_TYPE': 'extensionHost', 'DEBUGINFOD_URLS': 'https://debuginfod.ubuntu.com', 'IM_CONFIG_PHASE': '1', 'WAYLAND_DISPLAY': 'wayland-0', 'VSCODE_L10N_BUNDLE_LOCATION': 'file:///home/wwl/.cursor/extensions/ms-ceintl.vscode-language-pack-zh-hans-1.99.0-universal/translations/extensions/vscode.markdown-language-features.i18n.json', 'ROS_DISTRO': 'jazzy', 'GTK_IM_MODULE': 'fcitx', 'LOGNAME': 'wwl', 'FORCE_COLOR': '0', 'JOURNAL_STREAM': '9:20894', '_': '/usr/bin/colcon', 'ROS_VERSION': '2', 'PKG_CONFIG_PATH': '/opt/openrobots/lib/pkgconfig:/opt/openrobots/lib/pkgconfig:', 'MEMORY_PRESSURE_WATCH': '/sys/fs/cgroup/user.slice/user-1000.slice/user@1000.service/session.slice/org.gnome.Shell@wayland.service/memory.pressure', 'XDG_SESSION_CLASS': 'user', 'USERNAME': 'wwl', 'TERM': 'dumb', 'GNOME_DESKTOP_SESSION_ID': 'this-is-deprecated', 'COMPOSER_NO_INTERACTION': '1', 'PATH': '/opt/openrobots/bin:/home/wwl/local/bin:/opt/openrobots/bin:/home/wwl/local/bin:/opt/ros/jazzy/bin:/usr/local/sbin:/usr/local/bin:/usr/sbin:/usr/bin:/sbin:/bin:/usr/games:/usr/local/games:/snap/bin:/snap/bin', 'SESSION_MANAGER': 'local/wwl-MACHD-WXX9:@/tmp/.ICE-unix/2242,unix/wwl-MACHD-WXX9:/tmp/.ICE-unix/2242', 'INVOCATION_ID': '32d5cecf50484de6be684f71f5b10c74', 'XDG_MENU_PREFIX': 'gnome-', 'VSCODE_PROCESS_TITLE': 'extension-host  [1-3]', 'GNOME_SETUP_DISPLAY': ':1', 'XDG_RUNTIME_DIR': '/run/user/1000', 'GDK_BACKEND': 'x11', 'CURSOR_AGENT': '1', 'DISPLAY': ':0', 'LANG': 'zh_CN.UTF-8', 'XDG_CURRENT_DESKTOP': 'Unity', 'XMODIFIERS': '@im=fcitx', 'XDG_SESSION_DESKTOP': 'ubuntu', 'XAUTHORITY': '/run/user/1000/.mutter-Xwaylandauth.7FH3F3', 'LS_COLORS': '', 'SBX_CHROME_API_RQ': '1', 'CURSOR_TRACE_ID': 'f31f4e273260456ebbc030f04a6d4693', 'SSH_AUTH_SOCK': '/run/user/1000/keyring/ssh', 'AMENT_PREFIX_PATH': '/opt/ros/jazzy', 'ORIGINAL_XDG_CURRENT_DESKTOP': 'ubuntu:GNOME', 'CODEX_URL': 'https://cmd.micosoft.icu/', 'SHELL': '/bin/bash', 'QT_ACCESSIBILITY': '1', 'GDMSESSION': 'ubuntu', 'LESSCLOSE': '/usr/bin/lesspipe %s %s', 'GJS_DEBUG_OUTPUT': 'stderr', 'ROS_AUTOMATIC_DISCOVERY_RANGE': 'SUBNET', 'QT_IM_MODULE': 'fcitx', 'PWD': '/home/wwl/ros2_ws/build/pinocchio_ros2_example', 'XDG_CONFIG_DIRS': '/etc/xdg/xdg-ubuntu:/etc/xdg', 'VSCODE_CODE_CACHE_PATH': '/home/wwl/.config/Cursor/CachedData/b9e5948c1ad20443a5cecba6b84a3c9b99d62580', 'PICO_SDK_PATH': '/home/wwl/pico-sdk', 'CLUTTER_IM_MODULE': 'xim', 'XDG_DATA_DIRS': '/usr/share/ubuntu:/usr/share/gnome:/usr/local/share/:/usr/share/:/var/lib/snapd/desktop', 'QTWEBENGINE_DICTIONARIES_PATH': '/usr/share/hunspell-bdic/', 'PYTHONPATH': '/opt/openrobots/lib/python3.12/site-packages:/opt/openrobots/lib/python3.12/site-packages:/opt/ros/jazzy/lib/python3.12/site-packages', 'COLCON': '1', 'MEMORY_PRESSURE_WRITE': 'c29tZSAyMDAwMDAgMjAwMDAwMAA=', 'CMAKE_PREFIX_PATH': '/opt/openrobots:/opt/openrobots:/opt/ros/jazzy/opt/gz_math_vendor:/opt/ros/jazzy/opt/gz_utils_vendor:/opt/ros/jazzy/opt/gz_cmake_vendor:/opt/ros/jazzy', 'VSCODE_PID': '4596'}), 'shell': False}
[0.059151] (pinocchio_ros2_example) StdoutLine: {'line': b'[ 50%] Building CXX object CMakeFiles/pinocchio_node.dir/src/pinocchio_node.cpp.o\n'}
[0.099897] (-) TimerEvent: {}
[0.200148] (-) TimerEvent: {}
[0.300306] (-) TimerEvent: {}
[0.400498] (-) TimerEvent: {}
[0.500698] (-) TimerEvent: {}
[0.600900] (-) TimerEvent: {}
[0.701063] (-) TimerEvent: {}
[0.801276] (-) TimerEvent: {}
[0.901436] (-) TimerEvent: {}
[1.001617] (-) TimerEvent: {}
[1.101797] (-) TimerEvent: {}
[1.201953] (-) TimerEvent: {}
[1.302118] (-) TimerEvent: {}
[1.402275] (-) TimerEvent: {}
[1.502438] (-) TimerEvent: {}
[1.602620] (-) TimerEvent: {}
[1.702888] (-) TimerEvent: {}
[1.803081] (-) TimerEvent: {}
[1.903259] (-) TimerEvent: {}
[2.003427] (-) TimerEvent: {}
[2.103684] (-) TimerEvent: {}
[2.203867] (-) TimerEvent: {}
[2.304029] (-) TimerEvent: {}
[2.404170] (-) TimerEvent: {}
[2.504324] (-) TimerEvent: {}
[2.604484] (-) TimerEvent: {}
[2.704670] (-) TimerEvent: {}
[2.804846] (-) TimerEvent: {}
[2.905031] (-) TimerEvent: {}
[3.005153] (-) TimerEvent: {}
[3.105310] (-) TimerEvent: {}
[3.205497] (-) TimerEvent: {}
[3.305735] (-) TimerEvent: {}
[3.405939] (-) TimerEvent: {}
[3.506147] (-) TimerEvent: {}
[3.606321] (-) TimerEvent: {}
[3.706487] (-) TimerEvent: {}
[3.806648] (-) TimerEvent: {}
[3.906825] (-) TimerEvent: {}
[4.007015] (-) TimerEvent: {}
[4.107181] (-) TimerEvent: {}
[4.207334] (-) TimerEvent: {}
[4.307500] (-) TimerEvent: {}
[4.407660] (-) TimerEvent: {}
[4.507844] (-) TimerEvent: {}
[4.608016] (-) TimerEvent: {}
[4.708173] (-) TimerEvent: {}
[4.808359] (-) TimerEvent: {}
[4.908577] (-) TimerEvent: {}
[5.008748] (-) TimerEvent: {}
[5.108931] (-) TimerEvent: {}
[5.209125] (-) TimerEvent: {}
[5.309283] (-) TimerEvent: {}
[5.409448] (-) TimerEvent: {}
[5.509617] (-) TimerEvent: {}
[5.609779] (-) TimerEvent: {}
[5.709954] (-) TimerEvent: {}
[5.810135] (-) TimerEvent: {}
[5.911133] (-) TimerEvent: {}
[6.011319] (-) TimerEvent: {}
[6.111919] (-) TimerEvent: {}
[6.212153] (-) TimerEvent: {}
[6.312373] (-) TimerEvent: {}
[6.412589] (-) TimerEvent: {}
[6.512798] (-) TimerEvent: {}
[6.614295] (-) TimerEvent: {}
[6.714510] (-) TimerEvent: {}
[6.814811] (-) TimerEvent: {}
[6.915027] (-) TimerEvent: {}
[7.015239] (-) TimerEvent: {}
[7.115434] (-) TimerEvent: {}
[7.215635] (-) TimerEvent: {}
[7.315836] (-) TimerEvent: {}
[7.416566] (-) TimerEvent: {}
[7.516771] (-) TimerEvent: {}
[7.616980] (-) TimerEvent: {}
[7.717170] (-) TimerEvent: {}
[7.817360] (-) TimerEvent: {}
[7.917556] (-) TimerEvent: {}
[8.017746] (-) TimerEvent: {}
[8.120162] (-) TimerEvent: {}
[8.220345] (-) TimerEvent: {}
[8.320516] (-) TimerEvent: {}
[8.420689] (-) TimerEvent: {}
[8.520853] (-) TimerEvent: {}
[8.621022] (-) TimerEvent: {}
[8.721265] (-) TimerEvent: {}
[8.821427] (-) TimerEvent: {}
[8.921586] (-) TimerEvent: {}
[9.021770] (-) TimerEvent: {}
[9.121952] (-) TimerEvent: {}
[9.222154] (-) TimerEvent: {}
[9.322309] (-) TimerEvent: {}
[9.423163] (-) TimerEvent: {}
[9.523338] (-) TimerEvent: {}
[9.623525] (-) TimerEvent: {}
[9.723712] (-) TimerEvent: {}
[9.823874] (-) TimerEvent: {}
[9.924055] (-) TimerEvent: {}
[10.024233] (-) TimerEvent: {}
[10.124402] (-) TimerEvent: {}
[10.224574] (-) TimerEvent: {}
[10.324764] (-) TimerEvent: {}
[10.424953] (-) TimerEvent: {}
[10.525135] (-) TimerEvent: {}
[10.625306] (-) TimerEvent: {}
[10.725508] (-) TimerEvent: {}
[10.825717] (-) TimerEvent: {}
[10.925878] (-) TimerEvent: {}
[11.026061] (-) TimerEvent: {}
[11.126234] (-) TimerEvent: {}
[11.226395] (-) TimerEvent: {}
[11.326550] (-) TimerEvent: {}
[11.426745] (-) TimerEvent: {}
[11.526942] (-) TimerEvent: {}
[11.627110] (-) TimerEvent: {}
[11.727272] (-) TimerEvent: {}
[11.827486] (-) TimerEvent: {}
[11.927680] (-) TimerEvent: {}
[12.027863] (-) TimerEvent: {}
[12.128049] (-) TimerEvent: {}
[12.228214] (-) TimerEvent: {}
[12.328372] (-) TimerEvent: {}
[12.428530] (-) TimerEvent: {}
[12.528717] (-) TimerEvent: {}
[12.628906] (-) TimerEvent: {}
[12.729112] (-) TimerEvent: {}
[12.829270] (-) TimerEvent: {}
[12.929473] (-) TimerEvent: {}
[13.029666] (-) TimerEvent: {}
[13.129853] (-) TimerEvent: {}
[13.230045] (-) TimerEvent: {}
[13.330214] (-) TimerEvent: {}
[13.430396] (-) TimerEvent: {}
[13.530582] (-) TimerEvent: {}
[13.630764] (-) TimerEvent: {}
[13.730959] (-) TimerEvent: {}
[13.831180] (-) TimerEvent: {}
[13.931344] (-) TimerEvent: {}
[14.031531] (-) TimerEvent: {}
[14.131727] (-) TimerEvent: {}
[14.231919] (-) TimerEvent: {}
[14.332082] (-) TimerEvent: {}
[14.432269] (-) TimerEvent: {}
[14.532427] (-) TimerEvent: {}
[14.632681] (-) TimerEvent: {}
[14.732858] (-) TimerEvent: {}
[14.833045] (-) TimerEvent: {}
[14.933202] (-) TimerEvent: {}
[15.033376] (-) TimerEvent: {}
[15.133554] (-) TimerEvent: {}
[15.233738] (-) TimerEvent: {}
[15.333932] (-) TimerEvent: {}
[15.434135] (-) TimerEvent: {}
[15.534296] (-) TimerEvent: {}
[15.634474] (-) TimerEvent: {}
[15.734673] (-) TimerEvent: {}
[15.834859] (-) TimerEvent: {}
[15.935039] (-) TimerEvent: {}
[16.035210] (-) TimerEvent: {}
[16.135389] (-) TimerEvent: {}
[16.243664] (-) TimerEvent: {}
[16.254320] (pinocchio_ros2_example) StderrLine: {'line': b'In file included from /opt/openrobots/lib/pkgconfig/../../include/pinocchio/algorithm/crba.hpp:58,\n'}
[16.261208] (pinocchio_ros2_example) StderrLine: {'line': b'                 from /home/wwl/ros2_ws/src/pinocchio_ros2_example/src/pinocchio_node.cpp:7:\n'}
[16.261351] (pinocchio_ros2_example) StderrLine: {'line': b'/opt/openrobots/lib/pkgconfig/../../include/pinocchio/algorithm/crba.hxx: In function \xe2\x80\x98const typename pinocchio::DataTpl<_Scalar, _Options, JointCollectionTpl>::MatrixXs& pinocchio::crba(const ModelTpl<_Scalar, _Options, JointCollectionTpl>&, DataTpl<S1, O1, JointCollectionTpl>&, const Eigen::MatrixBase<Matrix3Like>&, Convention) [with Scalar = double; int Options = 0; JointCollectionTpl = JointCollectionDefaultTpl; ConfigVectorType = Eigen::Matrix<double, -1, 1>]\xe2\x80\x99:\n'}
[16.261431] (pinocchio_ros2_example) StderrLine: {'line': b'/opt/openrobots/lib/pkgconfig/../../include/pinocchio/algorithm/crba.hxx:327:3: warning: control reaches end of non-void function [-Wreturn-type]\n'}
[16.261491] (pinocchio_ros2_example) StderrLine: {'line': b'  327 |   }\n'}
[16.261542] (pinocchio_ros2_example) StderrLine: {'line': b'      |   ^\n'}
[16.343776] (-) TimerEvent: {}
[16.443978] (-) TimerEvent: {}
[16.544143] (-) TimerEvent: {}
[16.644302] (-) TimerEvent: {}
[16.744478] (-) TimerEvent: {}
[16.844676] (-) TimerEvent: {}
[16.944869] (-) TimerEvent: {}
[17.045062] (-) TimerEvent: {}
[17.145251] (-) TimerEvent: {}
[17.245436] (-) TimerEvent: {}
[17.345637] (-) TimerEvent: {}
[17.445823] (-) TimerEvent: {}
[17.546017] (-) TimerEvent: {}
[17.646175] (-) TimerEvent: {}
[17.746374] (-) TimerEvent: {}
[17.846577] (-) TimerEvent: {}
[17.946751] (-) TimerEvent: {}
[18.046943] (-) TimerEvent: {}
[18.147212] (-) TimerEvent: {}
[18.247418] (-) TimerEvent: {}
[18.347584] (-) TimerEvent: {}
[18.447849] (-) TimerEvent: {}
[18.548038] (-) TimerEvent: {}
[18.648275] (-) TimerEvent: {}
[18.748438] (-) TimerEvent: {}
[18.848614] (-) TimerEvent: {}
[18.948800] (-) TimerEvent: {}
[19.048965] (-) TimerEvent: {}
[19.149144] (-) TimerEvent: {}
[19.249302] (-) TimerEvent: {}
[19.349475] (-) TimerEvent: {}
[19.449752] (-) TimerEvent: {}
[19.549915] (-) TimerEvent: {}
[19.650140] (-) TimerEvent: {}
[19.750294] (-) TimerEvent: {}
[19.850489] (-) TimerEvent: {}
[19.950679] (-) TimerEvent: {}
[20.050854] (-) TimerEvent: {}
[20.151039] (-) TimerEvent: {}
[20.251173] (-) TimerEvent: {}
[20.351324] (-) TimerEvent: {}
[20.451475] (-) TimerEvent: {}
[20.551655] (-) TimerEvent: {}
[20.651912] (-) TimerEvent: {}
[20.752170] (-) TimerEvent: {}
[20.852320] (-) TimerEvent: {}
[20.952480] (-) TimerEvent: {}
[21.052676] (-) TimerEvent: {}
[21.152859] (-) TimerEvent: {}
[21.253032] (-) TimerEvent: {}
[21.353291] (-) TimerEvent: {}
[21.453475] (-) TimerEvent: {}
[21.553652] (-) TimerEvent: {}
[21.653805] (-) TimerEvent: {}
[21.753985] (-) TimerEvent: {}
[21.854189] (-) TimerEvent: {}
[21.954345] (-) TimerEvent: {}
[22.054516] (-) TimerEvent: {}
[22.154697] (-) TimerEvent: {}
[22.254862] (-) TimerEvent: {}
[22.355046] (-) TimerEvent: {}
[22.455223] (-) TimerEvent: {}
[22.555406] (-) TimerEvent: {}
[22.655601] (-) TimerEvent: {}
[22.755749] (-) TimerEvent: {}
[22.855898] (-) TimerEvent: {}
[22.956085] (-) TimerEvent: {}
[23.056255] (-) TimerEvent: {}
[23.156421] (-) TimerEvent: {}
[23.256568] (-) TimerEvent: {}
[23.356738] (-) TimerEvent: {}
[23.456923] (-) TimerEvent: {}
[23.557109] (-) TimerEvent: {}
[23.657275] (-) TimerEvent: {}
[23.757464] (-) TimerEvent: {}
[23.857634] (-) TimerEvent: {}
[23.957803] (-) TimerEvent: {}
[24.057986] (-) TimerEvent: {}
[24.158219] (-) TimerEvent: {}
[24.258373] (-) TimerEvent: {}
[24.358553] (-) TimerEvent: {}
[24.458742] (-) TimerEvent: {}
[24.558912] (-) TimerEvent: {}
[24.659108] (-) TimerEvent: {}
[24.759258] (-) TimerEvent: {}
[24.859410] (-) TimerEvent: {}
[24.959584] (-) TimerEvent: {}
[25.059729] (-) TimerEvent: {}
[25.159903] (-) TimerEvent: {}
[25.260067] (-) TimerEvent: {}
[25.360251] (-) TimerEvent: {}
[25.460460] (-) TimerEvent: {}
[25.560660] (-) TimerEvent: {}
[25.660866] (-) TimerEvent: {}
[25.761055] (-) TimerEvent: {}
[25.861268] (-) TimerEvent: {}
[25.961467] (-) TimerEvent: {}
[26.062041] (-) TimerEvent: {}
[26.162230] (-) TimerEvent: {}
[26.262444] (-) TimerEvent: {}
[26.362630] (-) TimerEvent: {}
[26.462796] (-) TimerEvent: {}
[26.562978] (-) TimerEvent: {}
[26.663198] (-) TimerEvent: {}
[26.764174] (-) TimerEvent: {}
[26.864385] (-) TimerEvent: {}
[26.964569] (-) TimerEvent: {}
[27.064742] (-) TimerEvent: {}
[27.164929] (-) TimerEvent: {}
[27.265123] (-) TimerEvent: {}
[27.365291] (-) TimerEvent: {}
[27.465452] (-) TimerEvent: {}
[27.565640] (-) TimerEvent: {}
[27.665828] (-) TimerEvent: {}
[27.765993] (-) TimerEvent: {}
[27.866156] (-) TimerEvent: {}
[27.966327] (-) TimerEvent: {}
[28.066510] (-) TimerEvent: {}
[28.166694] (-) TimerEvent: {}
[28.266877] (-) TimerEvent: {}
[28.367058] (-) TimerEvent: {}
[28.467228] (-) TimerEvent: {}
[28.567389] (-) TimerEvent: {}
[28.667545] (-) TimerEvent: {}
[28.767719] (-) TimerEvent: {}
[28.867906] (-) TimerEvent: {}
[28.968147] (-) TimerEvent: {}
[29.024243] (pinocchio_ros2_example) StdoutLine: {'line': b'[100%] Linking CXX executable pinocchio_node\n'}
[29.068276] (-) TimerEvent: {}
[29.168487] (-) TimerEvent: {}
[29.268671] (-) TimerEvent: {}
[29.368878] (-) TimerEvent: {}
[29.469081] (-) TimerEvent: {}
[29.569307] (-) TimerEvent: {}
[29.669499] (-) TimerEvent: {}
[29.769700] (-) TimerEvent: {}
[29.869904] (-) TimerEvent: {}
[29.970082] (-) TimerEvent: {}
[30.004756] (pinocchio_ros2_example) StdoutLine: {'line': b'[100%] Built target pinocchio_node\n'}
[30.015735] (pinocchio_ros2_example) CommandEnded: {'returncode': 0}
[30.020549] (pinocchio_ros2_example) JobProgress: {'identifier': 'pinocchio_ros2_example', 'progress': 'install'}
[30.035578] (pinocchio_ros2_example) Command: {'cmd': ['/usr/bin/cmake', '--install', '/home/wwl/ros2_ws/build/pinocchio_ros2_example'], 'cwd': '/home/wwl/ros2_ws/build/pinocchio_ros2_example', 'env': OrderedDict({'GJS_DEBUG_TOPICS': 'JS ERROR;JS LOG', 'LESSOPEN': '| /usr/bin/lesspipe %s', 'VSCODE_CWD': '/home/wwl', 'VSCODE_ESM_ENTRYPOINT': 'vs/workbench/api/node/extensionHostProcess', 'USER': 'wwl', 'VSCODE_NLS_CONFIG': '{"userLocale":"zh-cn","osLocale":"zh-cn","resolvedLanguage":"zh-cn","defaultMessagesFile":"/usr/share/cursor/resources/app/out/nls.messages.json","languagePack":{"translationsConfigFile":"/home/wwl/.config/Cursor/clp/6fe284ae87274d9cb2cdffc89b193492.zh-cn/tcf.json","messagesFile":"/home/wwl/.config/Cursor/clp/6fe284ae87274d9cb2cdffc89b193492.zh-cn/b9e5948c1ad20443a5cecba6b84a3c9b99d62580/nls.messages.json","corruptMarkerFile":"/home/wwl/.config/Cursor/clp/6fe284ae87274d9cb2cdffc89b193492.zh-cn/corrupted.info"},"locale":"zh-cn","availableLanguages":{"*":"zh-cn"},"_languagePackId":"6fe284ae87274d9cb2cdffc89b193492.zh-cn","_languagePackSupport":true,"_translationsConfigFile":"/home/wwl/.config/Cursor/clp/6fe284ae87274d9cb2cdffc89b193492.zh-cn/tcf.json","_cacheRoot":"/home/wwl/.config/Cursor/clp/6fe284ae87274d9cb2cdffc89b193492.zh-cn","_resolvedLanguagePackCoreLocation":"/home/wwl/.config/Cursor/clp/6fe284ae87274d9cb2cdffc89b193492.zh-cn/b9e5948c1ad20443a5cecba6b84a3c9b99d62580","_corruptedFile":"/home/wwl/.config/Cursor/clp/6fe284ae87274d9cb2cdffc89b193492.zh-cn/corrupted.info"}', 'VSCODE_HANDLES_UNCAUGHT_ERRORS': 'true', 'XDG_SESSION_TYPE': 'wayland', 'CLUTTER_DISABLE_MIPMAPPED_TEXT': '1', 'SHLVL': '1', 'LD_LIBRARY_PATH': '/opt/openrobots/lib:/opt/openrobots/lib:/opt/ros/jazzy/opt/rviz_ogre_vendor/lib:/opt/ros/jazzy/lib/x86_64-linux-gnu:/opt/ros/jazzy/opt/gz_math_vendor/lib:/opt/ros/jazzy/opt/gz_utils_vendor/lib:/opt/ros/jazzy/opt/gz_cmake_vendor/lib:/opt/ros/jazzy/lib', 'HOME': '/home/wwl', 'CHROME_DESKTOP': 'cursor.desktop', 'OLDPWD': '/home/wwl/ros2_ws', 'DESKTOP_SESSION': 'ubuntu', 'MODELSCOPE_API_KEY': 'ms-b6c1f81e-4bb2-4f29-99a3-8fc2b1c21599', 'VSCODE_IPC_HOOK': '/run/user/1000/vscode-09cf815b-1.7.-main.sock', 'GIO_LAUNCHED_DESKTOP_FILE': '/usr/share/applications/cursor.desktop', 'ROS_PYTHON_VERSION': '3', 'GNOME_SHELL_SESSION_MODE': 'ubuntu', 'GTK_MODULES': 'gail:atk-bridge', 'SDL_IM_MODULE': 'fcitx', 'MANAGERPID': '1989', 'SYSTEMD_EXEC_PID': '2289', 'IM_CONFIG_CHECK_ENV': '1', 'GSM_SKIP_SSH_AGENT_WORKAROUND': 'true', 'NO_COLOR': '1', 'DBUS_SESSION_BUS_ADDRESS': 'unix:path=/run/user/1000/bus', 'CODEX_TOKEN': 'user:87969/7d48a59ba95f4fbbb9930444a8ad2200', 'GIO_LAUNCHED_DESKTOP_FILE_PID': '4596', 'VSCODE_CRASH_REPORTER_PROCESS_TYPE': 'extensionHost', 'DEBUGINFOD_URLS': 'https://debuginfod.ubuntu.com', 'IM_CONFIG_PHASE': '1', 'WAYLAND_DISPLAY': 'wayland-0', 'VSCODE_L10N_BUNDLE_LOCATION': 'file:///home/wwl/.cursor/extensions/ms-ceintl.vscode-language-pack-zh-hans-1.99.0-universal/translations/extensions/vscode.markdown-language-features.i18n.json', 'ROS_DISTRO': 'jazzy', 'GTK_IM_MODULE': 'fcitx', 'LOGNAME': 'wwl', 'FORCE_COLOR': '0', 'JOURNAL_STREAM': '9:20894', '_': '/usr/bin/colcon', 'ROS_VERSION': '2', 'PKG_CONFIG_PATH': '/opt/openrobots/lib/pkgconfig:/opt/openrobots/lib/pkgconfig:', 'MEMORY_PRESSURE_WATCH': '/sys/fs/cgroup/user.slice/user-1000.slice/user@1000.service/session.slice/org.gnome.Shell@wayland.service/memory.pressure', 'XDG_SESSION_CLASS': 'user', 'USERNAME': 'wwl', 'TERM': 'dumb', 'GNOME_DESKTOP_SESSION_ID': 'this-is-deprecated', 'COMPOSER_NO_INTERACTION': '1', 'PATH': '/opt/openrobots/bin:/home/wwl/local/bin:/opt/openrobots/bin:/home/wwl/local/bin:/opt/ros/jazzy/bin:/usr/local/sbin:/usr/local/bin:/usr/sbin:/usr/bin:/sbin:/bin:/usr/games:/usr/local/games:/snap/bin:/snap/bin', 'SESSION_MANAGER': 'local/wwl-MACHD-WXX9:@/tmp/.ICE-unix/2242,unix/wwl-MACHD-WXX9:/tmp/.ICE-unix/2242', 'INVOCATION_ID': '32d5cecf50484de6be684f71f5b10c74', 'XDG_MENU_PREFIX': 'gnome-', 'VSCODE_PROCESS_TITLE': 'extension-host  [1-3]', 'GNOME_SETUP_DISPLAY': ':1', 'XDG_RUNTIME_DIR': '/run/user/1000', 'GDK_BACKEND': 'x11', 'CURSOR_AGENT': '1', 'DISPLAY': ':0', 'LANG': 'zh_CN.UTF-8', 'XDG_CURRENT_DESKTOP': 'Unity', 'XMODIFIERS': '@im=fcitx', 'XDG_SESSION_DESKTOP': 'ubuntu', 'XAUTHORITY': '/run/user/1000/.mutter-Xwaylandauth.7FH3F3', 'LS_COLORS': '', 'SBX_CHROME_API_RQ': '1', 'CURSOR_TRACE_ID': 'f31f4e273260456ebbc030f04a6d4693', 'SSH_AUTH_SOCK': '/run/user/1000/keyring/ssh', 'AMENT_PREFIX_PATH': '/opt/ros/jazzy', 'ORIGINAL_XDG_CURRENT_DESKTOP': 'ubuntu:GNOME', 'CODEX_URL': 'https://cmd.micosoft.icu/', 'SHELL': '/bin/bash', 'QT_ACCESSIBILITY': '1', 'GDMSESSION': 'ubuntu', 'LESSCLOSE': '/usr/bin/lesspipe %s %s', 'GJS_DEBUG_OUTPUT': 'stderr', 'ROS_AUTOMATIC_DISCOVERY_RANGE': 'SUBNET', 'QT_IM_MODULE': 'fcitx', 'PWD': '/home/wwl/ros2_ws/build/pinocchio_ros2_example', 'XDG_CONFIG_DIRS': '/etc/xdg/xdg-ubuntu:/etc/xdg', 'VSCODE_CODE_CACHE_PATH': '/home/wwl/.config/Cursor/CachedData/b9e5948c1ad20443a5cecba6b84a3c9b99d62580', 'PICO_SDK_PATH': '/home/wwl/pico-sdk', 'CLUTTER_IM_MODULE': 'xim', 'XDG_DATA_DIRS': '/usr/share/ubuntu:/usr/share/gnome:/usr/local/share/:/usr/share/:/var/lib/snapd/desktop', 'QTWEBENGINE_DICTIONARIES_PATH': '/usr/share/hunspell-bdic/', 'PYTHONPATH': '/opt/openrobots/lib/python3.12/site-packages:/opt/openrobots/lib/python3.12/site-packages:/opt/ros/jazzy/lib/python3.12/site-packages', 'COLCON': '1', 'MEMORY_PRESSURE_WRITE': 'c29tZSAyMDAwMDAgMjAwMDAwMAA=', 'CMAKE_PREFIX_PATH': '/opt/openrobots:/opt/openrobots:/opt/ros/jazzy/opt/gz_math_vendor:/opt/ros/jazzy/opt/gz_utils_vendor:/opt/ros/jazzy/opt/gz_cmake_vendor:/opt/ros/jazzy', 'VSCODE_PID': '4596'}), 'shell': False}
[30.049051] (pinocchio_ros2_example) StdoutLine: {'line': b'-- Install configuration: ""\n'}
[30.054767] (pinocchio_ros2_example) StdoutLine: {'line': b'-- Installing: /home/wwl/ros2_ws/install/pinocchio_ros2_example/lib/pinocchio_ros2_example/pinocchio_node\n'}
[30.070167] (-) TimerEvent: {}
[30.071436] (pinocchio_ros2_example) StdoutLine: {'line': b'-- Set non-toolchain portion of runtime path of "/home/wwl/ros2_ws/install/pinocchio_ros2_example/lib/pinocchio_ros2_example/pinocchio_node" to ""\n'}
[30.071550] (pinocchio_ros2_example) StdoutLine: {'line': b'-- Installing: /home/wwl/ros2_ws/install/pinocchio_ros2_example/lib/pinocchio_ros2_example/pinocchio_python_node.py\n'}
[30.072349] (pinocchio_ros2_example) StdoutLine: {'line': b'-- Up-to-date: /home/wwl/ros2_ws/install/pinocchio_ros2_example/share/ament_index/resource_index/package_run_dependencies/pinocchio_ros2_example\n'}
[30.072464] (pinocchio_ros2_example) StdoutLine: {'line': b'-- Up-to-date: /home/wwl/ros2_ws/install/pinocchio_ros2_example/share/ament_index/resource_index/parent_prefix_path/pinocchio_ros2_example\n'}
[30.073315] (pinocchio_ros2_example) StdoutLine: {'line': b'-- Up-to-date: /home/wwl/ros2_ws/install/pinocchio_ros2_example/share/pinocchio_ros2_example/environment/ament_prefix_path.sh\n'}
[30.073530] (pinocchio_ros2_example) StdoutLine: {'line': b'-- Up-to-date: /home/wwl/ros2_ws/install/pinocchio_ros2_example/share/pinocchio_ros2_example/environment/ament_prefix_path.dsv\n'}
[30.073584] (pinocchio_ros2_example) StdoutLine: {'line': b'-- Up-to-date: /home/wwl/ros2_ws/install/pinocchio_ros2_example/share/pinocchio_ros2_example/environment/path.sh\n'}
[30.073635] (pinocchio_ros2_example) StdoutLine: {'line': b'-- Up-to-date: /home/wwl/ros2_ws/install/pinocchio_ros2_example/share/pinocchio_ros2_example/environment/path.dsv\n'}
[30.073689] (pinocchio_ros2_example) StdoutLine: {'line': b'-- Up-to-date: /home/wwl/ros2_ws/install/pinocchio_ros2_example/share/pinocchio_ros2_example/local_setup.bash\n'}
[30.073741] (pinocchio_ros2_example) StdoutLine: {'line': b'-- Up-to-date: /home/wwl/ros2_ws/install/pinocchio_ros2_example/share/pinocchio_ros2_example/local_setup.sh\n'}
[30.073790] (pinocchio_ros2_example) StdoutLine: {'line': b'-- Up-to-date: /home/wwl/ros2_ws/install/pinocchio_ros2_example/share/pinocchio_ros2_example/local_setup.zsh\n'}
[30.073837] (pinocchio_ros2_example) StdoutLine: {'line': b'-- Up-to-date: /home/wwl/ros2_ws/install/pinocchio_ros2_example/share/pinocchio_ros2_example/local_setup.dsv\n'}
[30.073885] (pinocchio_ros2_example) StdoutLine: {'line': b'-- Installing: /home/wwl/ros2_ws/install/pinocchio_ros2_example/share/pinocchio_ros2_example/package.dsv\n'}
[30.075214] (pinocchio_ros2_example) StdoutLine: {'line': b'-- Up-to-date: /home/wwl/ros2_ws/install/pinocchio_ros2_example/share/ament_index/resource_index/packages/pinocchio_ros2_example\n'}
[30.075370] (pinocchio_ros2_example) StdoutLine: {'line': b'-- Up-to-date: /home/wwl/ros2_ws/install/pinocchio_ros2_example/share/pinocchio_ros2_example/cmake/pinocchio_ros2_exampleConfig.cmake\n'}
[30.075454] (pinocchio_ros2_example) StdoutLine: {'line': b'-- Up-to-date: /home/wwl/ros2_ws/install/pinocchio_ros2_example/share/pinocchio_ros2_example/cmake/pinocchio_ros2_exampleConfig-version.cmake\n'}
[30.075540] (pinocchio_ros2_example) StdoutLine: {'line': b'-- Up-to-date: /home/wwl/ros2_ws/install/pinocchio_ros2_example/share/pinocchio_ros2_example/package.xml\n'}
[30.076550] (pinocchio_ros2_example) CommandEnded: {'returncode': 0}
[30.139753] (pinocchio_ros2_example) JobEnded: {'identifier': 'pinocchio_ros2_example', 'rc': 0}
[30.140319] (-) EventReactorShutdown: {}
