[0.006s] Invoking command in '/home/wwl/ros2_ws/build/pinocchio_ros2_example': CMAKE_PREFIX_PATH=${CMAKE_PREFIX_PATH}:/opt/ros/jazzy DEBUGINFOD_URLS=https://debuginfod.ubuntu.com /usr/bin/cmake /home/wwl/ros2_ws/src/pinocchio_ros2_example -DCMAKE_INSTALL_PREFIX=/home/wwl/ros2_ws/install/pinocchio_ros2_example
[0.049s] -- The C compiler identification is GNU 13.3.0
[0.096s] -- The CXX compiler identification is GNU 13.3.0
[0.109s] -- Detecting C compiler ABI info
[0.180s] -- Detecting C compiler ABI info - done
[0.191s] -- Check for working C compiler: /usr/bin/cc - skipped
[0.192s] -- Detecting C compile features
[0.192s] -- Detecting C compile features - done
[0.200s] -- Detecting CXX compiler ABI info
[0.278s] -- Detecting CXX compiler ABI info - done
[0.285s] -- Check for working CXX compiler: /usr/bin/c++ - skipped
[0.285s] -- Detecting CXX compile features
[0.286s] -- Detecting CXX compile features - done
[0.288s] -- Found ament_cmake: 2.5.4 (/opt/ros/jazzy/share/ament_cmake/cmake)
[0.405s] -- Found Python3: /usr/bin/python3 (found version "3.12.3") found components: Interpreter 
[0.488s] -- Found rclcpp: 28.1.12 (/opt/ros/jazzy/share/rclcpp/cmake)
[0.518s] -- Found rosidl_generator_c: 4.6.6 (/opt/ros/jazzy/share/rosidl_generator_c/cmake)
[0.528s] -- Found rosidl_generator_cpp: 4.6.6 (/opt/ros/jazzy/share/rosidl_generator_cpp/cmake)
[0.540s] -- Using all available rosidl_typesupport_c: rosidl_typesupport_fastrtps_c;rosidl_typesupport_introspection_c
[0.554s] -- Using all available rosidl_typesupport_cpp: rosidl_typesupport_fastrtps_cpp;rosidl_typesupport_introspection_cpp
[0.613s] -- Found rmw_implementation_cmake: 7.3.2 (/opt/ros/jazzy/share/rmw_implementation_cmake/cmake)
[0.614s] -- Found rmw_fastrtps_cpp: 8.4.3 (/opt/ros/jazzy/share/rmw_fastrtps_cpp/cmake)
[0.672s] -- Found OpenSSL: /usr/lib/x86_64-linux-gnu/libcrypto.so (found version "3.0.13")  
[0.690s] -- Found FastRTPS: /opt/ros/jazzy/include (Required is at least version "2.13") 
[0.710s] -- Using RMW implementation 'rmw_fastrtps_cpp' as default
[0.770s] -- Found std_msgs: 5.3.6 (/opt/ros/jazzy/share/std_msgs/cmake)
[0.784s] -- Found PkgConfig: /usr/bin/pkg-config (found version "1.8.1") 
[0.785s] -- Checking for module 'pinocchio'
[0.796s] --   Found pinocchio, version 3.4.0
[0.823s] -- Pinocchio include dirs: /opt/openrobots/lib/pkgconfig/../../include;/usr/include/eigen3;/opt/ros/jazzy/lib/x86_64-linux-gnu/pkgconfig/../../../include/urdfdom;/opt/ros/jazzy/lib/x86_64-linux-gnu/pkgconfig/../../../include/urdfdom_headers;/opt/openrobots/include
[0.824s] -- Pinocchio libraries: pinocchio_default;pinocchio_parsers;pinocchio_casadi;boost_filesystem;boost_serialization;boost_system;urdfdom_sensor;urdfdom_model_state;urdfdom_model;urdfdom_world;casadi
[0.825s] -- Found ament_lint_auto: 0.17.3 (/opt/ros/jazzy/share/ament_lint_auto/cmake)
[0.926s] -- Added test 'copyright' to check source files copyright and LICENSE
[0.927s] -- Added test 'cppcheck' to perform static code analysis on C / C++ code
[0.927s] -- Configured cppcheck include dirs: 
[0.927s] -- Configured cppcheck exclude dirs and/or files: 
[0.927s] -- Added test 'cpplint' to check C / C++ code against the Google style
[0.927s] -- Configured cpplint exclude dirs and/or files: 
[0.928s] -- Added test 'flake8' to check Python code syntax and style conventions
[0.928s] -- Configured 'flake8' exclude dirs and/or files: 
[0.928s] -- Added test 'lint_cmake' to check CMake code style
[0.929s] -- Added test 'pep257' to check Python code against some of the docstring style conventions in PEP 257
[0.929s] -- Added test 'uncrustify' to check C / C++ code style
[0.929s] -- Configured uncrustify additional arguments: 
[0.930s] -- Added test 'xmllint' to check XML markup files
[0.931s] -- Configuring done (0.9s)
[0.939s] -- Generating done (0.0s)
[0.942s] -- Build files have been written to: /home/wwl/ros2_ws/build/pinocchio_ros2_example
[0.951s] Invoked command in '/home/wwl/ros2_ws/build/pinocchio_ros2_example' returned '0': CMAKE_PREFIX_PATH=${CMAKE_PREFIX_PATH}:/opt/ros/jazzy DEBUGINFOD_URLS=https://debuginfod.ubuntu.com /usr/bin/cmake /home/wwl/ros2_ws/src/pinocchio_ros2_example -DCMAKE_INSTALL_PREFIX=/home/wwl/ros2_ws/install/pinocchio_ros2_example
[0.952s] Invoking command in '/home/wwl/ros2_ws/build/pinocchio_ros2_example': CMAKE_PREFIX_PATH=${CMAKE_PREFIX_PATH}:/opt/ros/jazzy DEBUGINFOD_URLS=https://debuginfod.ubuntu.com /usr/bin/cmake --build /home/wwl/ros2_ws/build/pinocchio_ros2_example -- -j8 -l8
[0.991s] [ 50%] Building CXX object CMakeFiles/pinocchio_node.dir/src/pinocchio_node.cpp.o
[7.533s] [100%] Linking CXX executable pinocchio_node
[7.705s] [100%] Built target pinocchio_node
[7.714s] Invoked command in '/home/wwl/ros2_ws/build/pinocchio_ros2_example' returned '0': CMAKE_PREFIX_PATH=${CMAKE_PREFIX_PATH}:/opt/ros/jazzy DEBUGINFOD_URLS=https://debuginfod.ubuntu.com /usr/bin/cmake --build /home/wwl/ros2_ws/build/pinocchio_ros2_example -- -j8 -l8
[7.721s] Invoking command in '/home/wwl/ros2_ws/build/pinocchio_ros2_example': CMAKE_PREFIX_PATH=${CMAKE_PREFIX_PATH}:/opt/ros/jazzy DEBUGINFOD_URLS=https://debuginfod.ubuntu.com /usr/bin/cmake --install /home/wwl/ros2_ws/build/pinocchio_ros2_example
[7.727s] -- Install configuration: ""
[7.727s] -- Installing: /home/wwl/ros2_ws/install/pinocchio_ros2_example/lib/pinocchio_ros2_example/pinocchio_node
[7.728s] -- Set non-toolchain portion of runtime path of "/home/wwl/ros2_ws/install/pinocchio_ros2_example/lib/pinocchio_ros2_example/pinocchio_node" to ""
[7.728s] -- Installing: /home/wwl/ros2_ws/install/pinocchio_ros2_example/lib/pinocchio_ros2_example/pinocchio_python_node.py
[7.728s] -- Installing: /home/wwl/ros2_ws/install/pinocchio_ros2_example/share/ament_index/resource_index/package_run_dependencies/pinocchio_ros2_example
[7.728s] -- Installing: /home/wwl/ros2_ws/install/pinocchio_ros2_example/share/ament_index/resource_index/parent_prefix_path/pinocchio_ros2_example
[7.729s] -- Installing: /home/wwl/ros2_ws/install/pinocchio_ros2_example/share/pinocchio_ros2_example/environment/ament_prefix_path.sh
[7.729s] -- Installing: /home/wwl/ros2_ws/install/pinocchio_ros2_example/share/pinocchio_ros2_example/environment/ament_prefix_path.dsv
[7.729s] -- Installing: /home/wwl/ros2_ws/install/pinocchio_ros2_example/share/pinocchio_ros2_example/environment/path.sh
[7.729s] -- Installing: /home/wwl/ros2_ws/install/pinocchio_ros2_example/share/pinocchio_ros2_example/environment/path.dsv
[7.729s] -- Installing: /home/wwl/ros2_ws/install/pinocchio_ros2_example/share/pinocchio_ros2_example/local_setup.bash
[7.729s] -- Installing: /home/wwl/ros2_ws/install/pinocchio_ros2_example/share/pinocchio_ros2_example/local_setup.sh
[7.729s] -- Installing: /home/wwl/ros2_ws/install/pinocchio_ros2_example/share/pinocchio_ros2_example/local_setup.zsh
[7.729s] -- Installing: /home/wwl/ros2_ws/install/pinocchio_ros2_example/share/pinocchio_ros2_example/local_setup.dsv
[7.729s] -- Installing: /home/wwl/ros2_ws/install/pinocchio_ros2_example/share/pinocchio_ros2_example/package.dsv
[7.729s] -- Installing: /home/wwl/ros2_ws/install/pinocchio_ros2_example/share/ament_index/resource_index/packages/pinocchio_ros2_example
[7.730s] -- Installing: /home/wwl/ros2_ws/install/pinocchio_ros2_example/share/pinocchio_ros2_example/cmake/pinocchio_ros2_exampleConfig.cmake
[7.730s] -- Installing: /home/wwl/ros2_ws/install/pinocchio_ros2_example/share/pinocchio_ros2_example/cmake/pinocchio_ros2_exampleConfig-version.cmake
[7.730s] -- Installing: /home/wwl/ros2_ws/install/pinocchio_ros2_example/share/pinocchio_ros2_example/package.xml
[7.731s] Invoked command in '/home/wwl/ros2_ws/build/pinocchio_ros2_example' returned '0': CMAKE_PREFIX_PATH=${CMAKE_PREFIX_PATH}:/opt/ros/jazzy DEBUGINFOD_URLS=https://debuginfod.ubuntu.com /usr/bin/cmake --install /home/wwl/ros2_ws/build/pinocchio_ros2_example
