[ 50%] [32mBuilding CXX object CMakeFiles/pinocchio_node.dir/src/pinocchio_node.cpp.o[0m
In file included from [01m[K/opt/openrobots/lib/pkgconfig/../../include/pinocchio/algorithm/crba.hpp:58[m[K,
                 from [01m[K/home/wwl/ros2_ws/src/pinocchio_ros2_example/src/pinocchio_node.cpp:7[m[K:
[01m[K/opt/openrobots/lib/pkgconfig/../../include/pinocchio/algorithm/crba.hxx:[m[K In function ‘[01m[Kconst typename pinocchio::DataTpl<_Scalar, _Options, JointCollectionTpl>::MatrixXs& pinocchio::[01;32m[Kcrba[m[K(const ModelTpl<_Scalar, _Options, JointCollectionTpl>&, DataTpl<S1, O1, JointCollectionTpl>&, const Eigen::MatrixBase<Matrix3Like>&, Convention) [35m[K[with Scalar = double; int Options = 0; JointCollectionTpl = JointCollectionDefaultTpl; ConfigVectorType = Eigen::Matrix<double, -1, 1>][m[K[m[K’:
[01m[K/opt/openrobots/lib/pkgconfig/../../include/pinocchio/algorithm/crba.hxx:327:3:[m[K [01;35m[Kwarning: [m[Kcontrol reaches end of non-void function [[01;35m[K]8;;https://gcc.gnu.org/onlinedocs/gcc/Warning-Options.html#index-Wreturn-type-Wreturn-type]8;;[m[K]
  327 |   [01;35m[K}[m[K
      |   [01;35m[K^[m[K
[100%] [32m[1mLinking CXX executable pinocchio_node[0m
[100%] Built target pinocchio_node
-- Install configuration: ""
-- Installing: /home/wwl/ros2_ws/install/pinocchio_ros2_example/lib/pinocchio_ros2_example/pinocchio_node
-- Set non-toolchain portion of runtime path of "/home/wwl/ros2_ws/install/pinocchio_ros2_example/lib/pinocchio_ros2_example/pinocchio_node" to ""
-- Installing: /home/wwl/ros2_ws/install/pinocchio_ros2_example/lib/pinocchio_ros2_example/pinocchio_python_node.py
-- Up-to-date: /home/wwl/ros2_ws/install/pinocchio_ros2_example/share/ament_index/resource_index/package_run_dependencies/pinocchio_ros2_example
-- Up-to-date: /home/wwl/ros2_ws/install/pinocchio_ros2_example/share/ament_index/resource_index/parent_prefix_path/pinocchio_ros2_example
-- Up-to-date: /home/wwl/ros2_ws/install/pinocchio_ros2_example/share/pinocchio_ros2_example/environment/ament_prefix_path.sh
-- Up-to-date: /home/wwl/ros2_ws/install/pinocchio_ros2_example/share/pinocchio_ros2_example/environment/ament_prefix_path.dsv
-- Up-to-date: /home/wwl/ros2_ws/install/pinocchio_ros2_example/share/pinocchio_ros2_example/environment/path.sh
-- Up-to-date: /home/wwl/ros2_ws/install/pinocchio_ros2_example/share/pinocchio_ros2_example/environment/path.dsv
-- Up-to-date: /home/wwl/ros2_ws/install/pinocchio_ros2_example/share/pinocchio_ros2_example/local_setup.bash
-- Up-to-date: /home/wwl/ros2_ws/install/pinocchio_ros2_example/share/pinocchio_ros2_example/local_setup.sh
-- Up-to-date: /home/wwl/ros2_ws/install/pinocchio_ros2_example/share/pinocchio_ros2_example/local_setup.zsh
-- Up-to-date: /home/wwl/ros2_ws/install/pinocchio_ros2_example/share/pinocchio_ros2_example/local_setup.dsv
-- Installing: /home/wwl/ros2_ws/install/pinocchio_ros2_example/share/pinocchio_ros2_example/package.dsv
-- Up-to-date: /home/wwl/ros2_ws/install/pinocchio_ros2_example/share/ament_index/resource_index/packages/pinocchio_ros2_example
-- Up-to-date: /home/wwl/ros2_ws/install/pinocchio_ros2_example/share/pinocchio_ros2_example/cmake/pinocchio_ros2_exampleConfig.cmake
-- Up-to-date: /home/wwl/ros2_ws/install/pinocchio_ros2_example/share/pinocchio_ros2_example/cmake/pinocchio_ros2_exampleConfig-version.cmake
-- Up-to-date: /home/wwl/ros2_ws/install/pinocchio_ros2_example/share/pinocchio_ros2_example/package.xml
