[0.000000] (-) TimerEvent: {}
[0.000187] (pinocchio_ros2_example) JobQueued: {'identifier': 'pinocchio_ros2_example', 'dependencies': OrderedDict()}
[0.000392] (pinocchio_ros2_example) JobStarted: {'identifier': 'pinocchio_ros2_example'}
[0.006952] (pinocchio_ros2_example) JobProgress: {'identifier': 'pinocchio_ros2_example', 'progress': 'cmake'}
[0.007532] (pinocchio_ros2_example) JobProgress: {'identifier': 'pinocchio_ros2_example', 'progress': 'build'}
[0.008099] (pinocchio_ros2_example) Command: {'cmd': ['/usr/bin/cmake', '--build', '/home/wwl/ros2-pinocchio/build/pinocchio_ros2_example', '--', '-j8', '-l8'], 'cwd': '/home/wwl/ros2-pinocchio/build/pinocchio_ros2_example', 'env': OrderedDict({'GJS_DEBUG_TOPICS': 'JS ERROR;JS LOG', 'LESSOPEN': '| /usr/bin/lesspipe %s', 'VSCODE_CWD': '/home/wwl', 'VSCODE_ESM_ENTRYPOINT': 'vs/workbench/api/node/extensionHostProcess', 'USER': 'wwl', 'VSCODE_NLS_CONFIG': '{"userLocale":"zh-cn","osLocale":"zh-cn","resolvedLanguage":"zh-cn","defaultMessagesFile":"/usr/share/cursor/resources/app/out/nls.messages.json","languagePack":{"translationsConfigFile":"/home/wwl/.config/Cursor/clp/6fe284ae87274d9cb2cdffc89b193492.zh-cn/tcf.json","messagesFile":"/home/wwl/.config/Cursor/clp/6fe284ae87274d9cb2cdffc89b193492.zh-cn/b9e5948c1ad20443a5cecba6b84a3c9b99d62580/nls.messages.json","corruptMarkerFile":"/home/wwl/.config/Cursor/clp/6fe284ae87274d9cb2cdffc89b193492.zh-cn/corrupted.info"},"locale":"zh-cn","availableLanguages":{"*":"zh-cn"},"_languagePackId":"6fe284ae87274d9cb2cdffc89b193492.zh-cn","_languagePackSupport":true,"_translationsConfigFile":"/home/wwl/.config/Cursor/clp/6fe284ae87274d9cb2cdffc89b193492.zh-cn/tcf.json","_cacheRoot":"/home/wwl/.config/Cursor/clp/6fe284ae87274d9cb2cdffc89b193492.zh-cn","_resolvedLanguagePackCoreLocation":"/home/wwl/.config/Cursor/clp/6fe284ae87274d9cb2cdffc89b193492.zh-cn/b9e5948c1ad20443a5cecba6b84a3c9b99d62580","_corruptedFile":"/home/wwl/.config/Cursor/clp/6fe284ae87274d9cb2cdffc89b193492.zh-cn/corrupted.info"}', 'VSCODE_HANDLES_UNCAUGHT_ERRORS': 'true', 'XDG_SESSION_TYPE': 'wayland', 'CLUTTER_DISABLE_MIPMAPPED_TEXT': '1', 'SHLVL': '1', 'LD_LIBRARY_PATH': '/opt/openrobots/lib:/opt/openrobots/lib:/opt/ros/jazzy/opt/rviz_ogre_vendor/lib:/opt/ros/jazzy/lib/x86_64-linux-gnu:/opt/ros/jazzy/opt/gz_math_vendor/lib:/opt/ros/jazzy/opt/gz_utils_vendor/lib:/opt/ros/jazzy/opt/gz_cmake_vendor/lib:/opt/ros/jazzy/lib', 'HOME': '/home/wwl', 'CHROME_DESKTOP': 'cursor.desktop', 'OLDPWD': '/home/wwl/ros2-pinocchio', 'DESKTOP_SESSION': 'ubuntu', 'MODELSCOPE_API_KEY': 'ms-b6c1f81e-4bb2-4f29-99a3-8fc2b1c21599', 'VSCODE_IPC_HOOK': '/run/user/1000/vscode-09cf815b-1.7.-main.sock', 'GIO_LAUNCHED_DESKTOP_FILE': '/usr/share/applications/cursor.desktop', 'ROS_PYTHON_VERSION': '3', 'GNOME_SHELL_SESSION_MODE': 'ubuntu', 'GTK_MODULES': 'gail:atk-bridge', 'SDL_IM_MODULE': 'fcitx', 'MANAGERPID': '1989', 'SYSTEMD_EXEC_PID': '2289', 'IM_CONFIG_CHECK_ENV': '1', 'GSM_SKIP_SSH_AGENT_WORKAROUND': 'true', 'NO_COLOR': '1', 'DBUS_SESSION_BUS_ADDRESS': 'unix:path=/run/user/1000/bus', 'CODEX_TOKEN': 'user:87969/7d48a59ba95f4fbbb9930444a8ad2200', 'GIO_LAUNCHED_DESKTOP_FILE_PID': '4596', 'VSCODE_CRASH_REPORTER_PROCESS_TYPE': 'extensionHost', 'DEBUGINFOD_URLS': 'https://debuginfod.ubuntu.com', 'IM_CONFIG_PHASE': '1', 'WAYLAND_DISPLAY': 'wayland-0', 'VSCODE_L10N_BUNDLE_LOCATION': 'file:///home/wwl/.cursor/extensions/ms-ceintl.vscode-language-pack-zh-hans-1.99.0-universal/translations/extensions/vscode.json-language-features.i18n.json', 'COLCON_PREFIX_PATH': '/home/wwl/ros2-pinocchio/install', 'ROS_DISTRO': 'jazzy', 'GTK_IM_MODULE': 'fcitx', 'LOGNAME': 'wwl', 'FORCE_COLOR': '0', 'JOURNAL_STREAM': '9:20894', '_': '/usr/bin/colcon', 'ROS_VERSION': '2', 'PKG_CONFIG_PATH': '/opt/openrobots/lib/pkgconfig:/opt/openrobots/lib/pkgconfig:', 'MEMORY_PRESSURE_WATCH': '/sys/fs/cgroup/user.slice/user-1000.slice/user@1000.service/session.slice/org.gnome.Shell@wayland.service/memory.pressure', 'XDG_SESSION_CLASS': 'user', 'USERNAME': 'wwl', 'TERM': 'dumb', 'GNOME_DESKTOP_SESSION_ID': 'this-is-deprecated', 'COMPOSER_NO_INTERACTION': '1', 'PATH': '/opt/openrobots/bin:/home/wwl/local/bin:/opt/openrobots/bin:/home/wwl/local/bin:/opt/ros/jazzy/bin:/usr/local/sbin:/usr/local/bin:/usr/sbin:/usr/bin:/sbin:/bin:/usr/games:/usr/local/games:/snap/bin:/snap/bin', 'SESSION_MANAGER': 'local/wwl-MACHD-WXX9:@/tmp/.ICE-unix/2242,unix/wwl-MACHD-WXX9:/tmp/.ICE-unix/2242', 'INVOCATION_ID': '32d5cecf50484de6be684f71f5b10c74', 'XDG_MENU_PREFIX': 'gnome-', 'VSCODE_PROCESS_TITLE': 'extension-host  [1-5]', 'GNOME_SETUP_DISPLAY': ':1', 'XDG_RUNTIME_DIR': '/run/user/1000', 'GDK_BACKEND': 'x11', 'CURSOR_AGENT': '1', 'DISPLAY': ':0', 'LANG': 'zh_CN.UTF-8', 'XDG_CURRENT_DESKTOP': 'Unity', 'XMODIFIERS': '@im=fcitx', 'XDG_SESSION_DESKTOP': 'ubuntu', 'XAUTHORITY': '/run/user/1000/.mutter-Xwaylandauth.7FH3F3', 'LS_COLORS': '', 'SBX_CHROME_API_RQ': '1', 'CURSOR_TRACE_ID': 'f31f4e273260456ebbc030f04a6d4693', 'SSH_AUTH_SOCK': '/run/user/1000/keyring/ssh', 'AMENT_PREFIX_PATH': '/home/wwl/ros2-pinocchio/install/pinocchio_ros2_example:/opt/ros/jazzy', 'ORIGINAL_XDG_CURRENT_DESKTOP': 'ubuntu:GNOME', 'CODEX_URL': 'https://cmd.micosoft.icu/', 'SHELL': '/bin/bash', 'QT_ACCESSIBILITY': '1', 'GDMSESSION': 'ubuntu', 'LESSCLOSE': '/usr/bin/lesspipe %s %s', 'GJS_DEBUG_OUTPUT': 'stderr', 'ROS_AUTOMATIC_DISCOVERY_RANGE': 'SUBNET', 'QT_IM_MODULE': 'fcitx', 'PWD': '/home/wwl/ros2-pinocchio/build/pinocchio_ros2_example', 'XDG_CONFIG_DIRS': '/etc/xdg/xdg-ubuntu:/etc/xdg', 'VSCODE_CODE_CACHE_PATH': '/home/wwl/.config/Cursor/CachedData/b9e5948c1ad20443a5cecba6b84a3c9b99d62580', 'PICO_SDK_PATH': '/home/wwl/pico-sdk', 'CLUTTER_IM_MODULE': 'xim', 'XDG_DATA_DIRS': '/usr/share/ubuntu:/usr/share/gnome:/usr/local/share/:/usr/share/:/var/lib/snapd/desktop', 'QTWEBENGINE_DICTIONARIES_PATH': '/usr/share/hunspell-bdic/', 'PYTHONPATH': '/opt/openrobots/lib/python3.12/site-packages:/opt/openrobots/lib/python3.12/site-packages:/opt/ros/jazzy/lib/python3.12/site-packages', 'COLCON': '1', 'MEMORY_PRESSURE_WRITE': 'c29tZSAyMDAwMDAgMjAwMDAwMAA=', 'CMAKE_PREFIX_PATH': '/home/wwl/ros2-pinocchio/install/pinocchio_ros2_example:/opt/openrobots:/opt/openrobots:/opt/ros/jazzy/opt/gz_math_vendor:/opt/ros/jazzy/opt/gz_utils_vendor:/opt/ros/jazzy/opt/gz_cmake_vendor:/opt/ros/jazzy', 'VSCODE_PID': '4596'}), 'shell': False}
[0.034608] (pinocchio_ros2_example) StdoutLine: {'line': b'-- Found ament_cmake: 2.5.4 (/opt/ros/jazzy/share/ament_cmake/cmake)\n'}
[0.099857] (-) TimerEvent: {}
[0.200038] (-) TimerEvent: {}
[0.257184] (pinocchio_ros2_example) StdoutLine: {'line': b'-- Found rclcpp: 28.1.12 (/opt/ros/jazzy/share/rclcpp/cmake)\n'}
[0.297052] (pinocchio_ros2_example) StdoutLine: {'line': b'-- Found rosidl_generator_c: 4.6.6 (/opt/ros/jazzy/share/rosidl_generator_c/cmake)\n'}
[0.300153] (-) TimerEvent: {}
[0.306831] (pinocchio_ros2_example) StdoutLine: {'line': b'-- Found rosidl_generator_cpp: 4.6.6 (/opt/ros/jazzy/share/rosidl_generator_cpp/cmake)\n'}
[0.323820] (pinocchio_ros2_example) StdoutLine: {'line': b'-- Using all available rosidl_typesupport_c: rosidl_typesupport_fastrtps_c;rosidl_typesupport_introspection_c\n'}
[0.342637] (pinocchio_ros2_example) StdoutLine: {'line': b'-- Using all available rosidl_typesupport_cpp: rosidl_typesupport_fastrtps_cpp;rosidl_typesupport_introspection_cpp\n'}
[0.400276] (-) TimerEvent: {}
[0.412689] (pinocchio_ros2_example) StdoutLine: {'line': b'-- Found rmw_implementation_cmake: 7.3.2 (/opt/ros/jazzy/share/rmw_implementation_cmake/cmake)\n'}
[0.415306] (pinocchio_ros2_example) StdoutLine: {'line': b'-- Found rmw_fastrtps_cpp: 8.4.3 (/opt/ros/jazzy/share/rmw_fastrtps_cpp/cmake)\n'}
[0.499624] (pinocchio_ros2_example) StdoutLine: {'line': b"-- Using RMW implementation 'rmw_fastrtps_cpp' as default\n"}
[0.500358] (-) TimerEvent: {}
[0.568630] (pinocchio_ros2_example) StdoutLine: {'line': b'-- Found std_msgs: 5.3.6 (/opt/ros/jazzy/share/std_msgs/cmake)\n'}
[0.587430] (pinocchio_ros2_example) StdoutLine: {'line': b'-- Pinocchio include dirs: /opt/openrobots/lib/pkgconfig/../../include;/usr/include/eigen3;/usr/lib/x86_64-linux-gnu/pkgconfig/../../../include/urdfdom;/usr/include;/opt/openrobots/include\n'}
[0.587672] (pinocchio_ros2_example) StdoutLine: {'line': b'-- Pinocchio libraries: pinocchio_default;pinocchio_parsers;pinocchio_casadi;boost_filesystem;boost_serialization;boost_system;urdfdom_sensor;urdfdom_model_state;urdfdom_model;urdfdom_world;casadi\n'}
[0.588969] (pinocchio_ros2_example) StdoutLine: {'line': b'-- Found ament_lint_auto: 0.17.3 (/opt/ros/jazzy/share/ament_lint_auto/cmake)\n'}
[0.600462] (-) TimerEvent: {}
[0.700287] (pinocchio_ros2_example) StdoutLine: {'line': b"-- Added test 'copyright' to check source files copyright and LICENSE\n"}
[0.700505] (-) TimerEvent: {}
[0.701329] (pinocchio_ros2_example) StdoutLine: {'line': b"-- Added test 'cppcheck' to perform static code analysis on C / C++ code\n"}
[0.701559] (pinocchio_ros2_example) StdoutLine: {'line': b'-- Configured cppcheck include dirs: \n'}
[0.701669] (pinocchio_ros2_example) StdoutLine: {'line': b'-- Configured cppcheck exclude dirs and/or files: \n'}
[0.702677] (pinocchio_ros2_example) StdoutLine: {'line': b"-- Added test 'cpplint' to check C / C++ code against the Google style\n"}
[0.702834] (pinocchio_ros2_example) StdoutLine: {'line': b'-- Configured cpplint exclude dirs and/or files: \n'}
[0.703275] (pinocchio_ros2_example) StdoutLine: {'line': b"-- Added test 'flake8' to check Python code syntax and style conventions\n"}
[0.703416] (pinocchio_ros2_example) StdoutLine: {'line': b"-- Configured 'flake8' exclude dirs and/or files: \n"}
[0.703830] (pinocchio_ros2_example) StdoutLine: {'line': b"-- Added test 'lint_cmake' to check CMake code style\n"}
[0.704434] (pinocchio_ros2_example) StdoutLine: {'line': b"-- Added test 'pep257' to check Python code against some of the docstring style conventions in PEP 257\n"}
[0.705521] (pinocchio_ros2_example) StdoutLine: {'line': b"-- Added test 'uncrustify' to check C / C++ code style\n"}
[0.705747] (pinocchio_ros2_example) StdoutLine: {'line': b'-- Configured uncrustify additional arguments: \n'}
[0.706100] (pinocchio_ros2_example) StdoutLine: {'line': b"-- Added test 'xmllint' to check XML markup files\n"}
[0.707197] (pinocchio_ros2_example) StdoutLine: {'line': b'-- Configuring done (0.7s)\n'}
[0.722366] (pinocchio_ros2_example) StdoutLine: {'line': b'-- Generating done (0.0s)\n'}
[0.728782] (pinocchio_ros2_example) StdoutLine: {'line': b'-- Build files have been written to: /home/wwl/ros2-pinocchio/build/pinocchio_ros2_example\n'}
[0.800616] (-) TimerEvent: {}
[0.803296] (pinocchio_ros2_example) StdoutLine: {'line': b'[100%] Built target pinocchio_node\n'}
[0.814106] (pinocchio_ros2_example) CommandEnded: {'returncode': 0}
[0.814752] (pinocchio_ros2_example) JobProgress: {'identifier': 'pinocchio_ros2_example', 'progress': 'install'}
[0.823458] (pinocchio_ros2_example) Command: {'cmd': ['/usr/bin/cmake', '--install', '/home/wwl/ros2-pinocchio/build/pinocchio_ros2_example'], 'cwd': '/home/wwl/ros2-pinocchio/build/pinocchio_ros2_example', 'env': OrderedDict({'GJS_DEBUG_TOPICS': 'JS ERROR;JS LOG', 'LESSOPEN': '| /usr/bin/lesspipe %s', 'VSCODE_CWD': '/home/wwl', 'VSCODE_ESM_ENTRYPOINT': 'vs/workbench/api/node/extensionHostProcess', 'USER': 'wwl', 'VSCODE_NLS_CONFIG': '{"userLocale":"zh-cn","osLocale":"zh-cn","resolvedLanguage":"zh-cn","defaultMessagesFile":"/usr/share/cursor/resources/app/out/nls.messages.json","languagePack":{"translationsConfigFile":"/home/wwl/.config/Cursor/clp/6fe284ae87274d9cb2cdffc89b193492.zh-cn/tcf.json","messagesFile":"/home/wwl/.config/Cursor/clp/6fe284ae87274d9cb2cdffc89b193492.zh-cn/b9e5948c1ad20443a5cecba6b84a3c9b99d62580/nls.messages.json","corruptMarkerFile":"/home/wwl/.config/Cursor/clp/6fe284ae87274d9cb2cdffc89b193492.zh-cn/corrupted.info"},"locale":"zh-cn","availableLanguages":{"*":"zh-cn"},"_languagePackId":"6fe284ae87274d9cb2cdffc89b193492.zh-cn","_languagePackSupport":true,"_translationsConfigFile":"/home/wwl/.config/Cursor/clp/6fe284ae87274d9cb2cdffc89b193492.zh-cn/tcf.json","_cacheRoot":"/home/wwl/.config/Cursor/clp/6fe284ae87274d9cb2cdffc89b193492.zh-cn","_resolvedLanguagePackCoreLocation":"/home/wwl/.config/Cursor/clp/6fe284ae87274d9cb2cdffc89b193492.zh-cn/b9e5948c1ad20443a5cecba6b84a3c9b99d62580","_corruptedFile":"/home/wwl/.config/Cursor/clp/6fe284ae87274d9cb2cdffc89b193492.zh-cn/corrupted.info"}', 'VSCODE_HANDLES_UNCAUGHT_ERRORS': 'true', 'XDG_SESSION_TYPE': 'wayland', 'CLUTTER_DISABLE_MIPMAPPED_TEXT': '1', 'SHLVL': '1', 'LD_LIBRARY_PATH': '/opt/openrobots/lib:/opt/openrobots/lib:/opt/ros/jazzy/opt/rviz_ogre_vendor/lib:/opt/ros/jazzy/lib/x86_64-linux-gnu:/opt/ros/jazzy/opt/gz_math_vendor/lib:/opt/ros/jazzy/opt/gz_utils_vendor/lib:/opt/ros/jazzy/opt/gz_cmake_vendor/lib:/opt/ros/jazzy/lib', 'HOME': '/home/wwl', 'CHROME_DESKTOP': 'cursor.desktop', 'OLDPWD': '/home/wwl/ros2-pinocchio', 'DESKTOP_SESSION': 'ubuntu', 'MODELSCOPE_API_KEY': 'ms-b6c1f81e-4bb2-4f29-99a3-8fc2b1c21599', 'VSCODE_IPC_HOOK': '/run/user/1000/vscode-09cf815b-1.7.-main.sock', 'GIO_LAUNCHED_DESKTOP_FILE': '/usr/share/applications/cursor.desktop', 'ROS_PYTHON_VERSION': '3', 'GNOME_SHELL_SESSION_MODE': 'ubuntu', 'GTK_MODULES': 'gail:atk-bridge', 'SDL_IM_MODULE': 'fcitx', 'MANAGERPID': '1989', 'SYSTEMD_EXEC_PID': '2289', 'IM_CONFIG_CHECK_ENV': '1', 'GSM_SKIP_SSH_AGENT_WORKAROUND': 'true', 'NO_COLOR': '1', 'DBUS_SESSION_BUS_ADDRESS': 'unix:path=/run/user/1000/bus', 'CODEX_TOKEN': 'user:87969/7d48a59ba95f4fbbb9930444a8ad2200', 'GIO_LAUNCHED_DESKTOP_FILE_PID': '4596', 'VSCODE_CRASH_REPORTER_PROCESS_TYPE': 'extensionHost', 'DEBUGINFOD_URLS': 'https://debuginfod.ubuntu.com', 'IM_CONFIG_PHASE': '1', 'WAYLAND_DISPLAY': 'wayland-0', 'VSCODE_L10N_BUNDLE_LOCATION': 'file:///home/wwl/.cursor/extensions/ms-ceintl.vscode-language-pack-zh-hans-1.99.0-universal/translations/extensions/vscode.json-language-features.i18n.json', 'COLCON_PREFIX_PATH': '/home/wwl/ros2-pinocchio/install', 'ROS_DISTRO': 'jazzy', 'GTK_IM_MODULE': 'fcitx', 'LOGNAME': 'wwl', 'FORCE_COLOR': '0', 'JOURNAL_STREAM': '9:20894', '_': '/usr/bin/colcon', 'ROS_VERSION': '2', 'PKG_CONFIG_PATH': '/opt/openrobots/lib/pkgconfig:/opt/openrobots/lib/pkgconfig:', 'MEMORY_PRESSURE_WATCH': '/sys/fs/cgroup/user.slice/user-1000.slice/user@1000.service/session.slice/org.gnome.Shell@wayland.service/memory.pressure', 'XDG_SESSION_CLASS': 'user', 'USERNAME': 'wwl', 'TERM': 'dumb', 'GNOME_DESKTOP_SESSION_ID': 'this-is-deprecated', 'COMPOSER_NO_INTERACTION': '1', 'PATH': '/opt/openrobots/bin:/home/wwl/local/bin:/opt/openrobots/bin:/home/wwl/local/bin:/opt/ros/jazzy/bin:/usr/local/sbin:/usr/local/bin:/usr/sbin:/usr/bin:/sbin:/bin:/usr/games:/usr/local/games:/snap/bin:/snap/bin', 'SESSION_MANAGER': 'local/wwl-MACHD-WXX9:@/tmp/.ICE-unix/2242,unix/wwl-MACHD-WXX9:/tmp/.ICE-unix/2242', 'INVOCATION_ID': '32d5cecf50484de6be684f71f5b10c74', 'XDG_MENU_PREFIX': 'gnome-', 'VSCODE_PROCESS_TITLE': 'extension-host  [1-5]', 'GNOME_SETUP_DISPLAY': ':1', 'XDG_RUNTIME_DIR': '/run/user/1000', 'GDK_BACKEND': 'x11', 'CURSOR_AGENT': '1', 'DISPLAY': ':0', 'LANG': 'zh_CN.UTF-8', 'XDG_CURRENT_DESKTOP': 'Unity', 'XMODIFIERS': '@im=fcitx', 'XDG_SESSION_DESKTOP': 'ubuntu', 'XAUTHORITY': '/run/user/1000/.mutter-Xwaylandauth.7FH3F3', 'LS_COLORS': '', 'SBX_CHROME_API_RQ': '1', 'CURSOR_TRACE_ID': 'f31f4e273260456ebbc030f04a6d4693', 'SSH_AUTH_SOCK': '/run/user/1000/keyring/ssh', 'AMENT_PREFIX_PATH': '/home/wwl/ros2-pinocchio/install/pinocchio_ros2_example:/opt/ros/jazzy', 'ORIGINAL_XDG_CURRENT_DESKTOP': 'ubuntu:GNOME', 'CODEX_URL': 'https://cmd.micosoft.icu/', 'SHELL': '/bin/bash', 'QT_ACCESSIBILITY': '1', 'GDMSESSION': 'ubuntu', 'LESSCLOSE': '/usr/bin/lesspipe %s %s', 'GJS_DEBUG_OUTPUT': 'stderr', 'ROS_AUTOMATIC_DISCOVERY_RANGE': 'SUBNET', 'QT_IM_MODULE': 'fcitx', 'PWD': '/home/wwl/ros2-pinocchio/build/pinocchio_ros2_example', 'XDG_CONFIG_DIRS': '/etc/xdg/xdg-ubuntu:/etc/xdg', 'VSCODE_CODE_CACHE_PATH': '/home/wwl/.config/Cursor/CachedData/b9e5948c1ad20443a5cecba6b84a3c9b99d62580', 'PICO_SDK_PATH': '/home/wwl/pico-sdk', 'CLUTTER_IM_MODULE': 'xim', 'XDG_DATA_DIRS': '/usr/share/ubuntu:/usr/share/gnome:/usr/local/share/:/usr/share/:/var/lib/snapd/desktop', 'QTWEBENGINE_DICTIONARIES_PATH': '/usr/share/hunspell-bdic/', 'PYTHONPATH': '/opt/openrobots/lib/python3.12/site-packages:/opt/openrobots/lib/python3.12/site-packages:/opt/ros/jazzy/lib/python3.12/site-packages', 'COLCON': '1', 'MEMORY_PRESSURE_WRITE': 'c29tZSAyMDAwMDAgMjAwMDAwMAA=', 'CMAKE_PREFIX_PATH': '/home/wwl/ros2-pinocchio/install/pinocchio_ros2_example:/opt/openrobots:/opt/openrobots:/opt/ros/jazzy/opt/gz_math_vendor:/opt/ros/jazzy/opt/gz_utils_vendor:/opt/ros/jazzy/opt/gz_cmake_vendor:/opt/ros/jazzy', 'VSCODE_PID': '4596'}), 'shell': False}
[0.830628] (pinocchio_ros2_example) StdoutLine: {'line': b'-- Install configuration: "Release"\n'}
[0.830872] (pinocchio_ros2_example) StdoutLine: {'line': b'-- Up-to-date: /home/wwl/ros2-pinocchio/install/pinocchio_ros2_example/lib/pinocchio_ros2_example/pinocchio_node\n'}
[0.831004] (pinocchio_ros2_example) StdoutLine: {'line': b'-- Up-to-date: /home/wwl/ros2-pinocchio/install/pinocchio_ros2_example/lib/pinocchio_ros2_example/pinocchio_python_node.py\n'}
[0.831065] (pinocchio_ros2_example) StdoutLine: {'line': b'-- Installing: /home/wwl/ros2-pinocchio/install/pinocchio_ros2_example/lib/pinocchio_ros2_example/fluid_dynamics_node.py\n'}
[0.831195] (pinocchio_ros2_example) StdoutLine: {'line': b'-- Up-to-date: /home/wwl/ros2-pinocchio/install/pinocchio_ros2_example/share/pinocchio_ros2_example/launch\n'}
[0.831388] (pinocchio_ros2_example) StdoutLine: {'line': b'-- Installing: /home/wwl/ros2-pinocchio/install/pinocchio_ros2_example/share/pinocchio_ros2_example/launch/fluid_dynamics.launch.py\n'}
[0.831615] (pinocchio_ros2_example) StdoutLine: {'line': b'-- Up-to-date: /home/wwl/ros2-pinocchio/install/pinocchio_ros2_example/share/pinocchio_ros2_example/models\n'}
[0.831789] (pinocchio_ros2_example) StdoutLine: {'line': b'-- Up-to-date: /home/wwl/ros2-pinocchio/install/pinocchio_ros2_example/share/pinocchio_ros2_example/models/two_link.urdf\n'}
[0.831983] (pinocchio_ros2_example) StdoutLine: {'line': b'-- Installing: /home/wwl/ros2-pinocchio/install/pinocchio_ros2_example/share/pinocchio_ros2_example/config\n'}
[0.832088] (pinocchio_ros2_example) StdoutLine: {'line': b'-- Installing: /home/wwl/ros2-pinocchio/install/pinocchio_ros2_example/share/pinocchio_ros2_example/config/fluid_params.yaml\n'}
[0.832482] (pinocchio_ros2_example) StdoutLine: {'line': b'-- Up-to-date: /home/wwl/ros2-pinocchio/install/pinocchio_ros2_example/share/ament_index/resource_index/package_run_dependencies/pinocchio_ros2_example\n'}
[0.832625] (pinocchio_ros2_example) StdoutLine: {'line': b'-- Installing: /home/wwl/ros2-pinocchio/install/pinocchio_ros2_example/share/ament_index/resource_index/parent_prefix_path/pinocchio_ros2_example\n'}
[0.832759] (pinocchio_ros2_example) StdoutLine: {'line': b'-- Up-to-date: /home/wwl/ros2-pinocchio/install/pinocchio_ros2_example/share/pinocchio_ros2_example/environment/ament_prefix_path.sh\n'}
[0.832873] (pinocchio_ros2_example) StdoutLine: {'line': b'-- Up-to-date: /home/wwl/ros2-pinocchio/install/pinocchio_ros2_example/share/pinocchio_ros2_example/environment/ament_prefix_path.dsv\n'}
[0.832986] (pinocchio_ros2_example) StdoutLine: {'line': b'-- Up-to-date: /home/wwl/ros2-pinocchio/install/pinocchio_ros2_example/share/pinocchio_ros2_example/environment/path.sh\n'}
[0.833107] (pinocchio_ros2_example) StdoutLine: {'line': b'-- Up-to-date: /home/wwl/ros2-pinocchio/install/pinocchio_ros2_example/share/pinocchio_ros2_example/environment/path.dsv\n'}
[0.833228] (pinocchio_ros2_example) StdoutLine: {'line': b'-- Up-to-date: /home/wwl/ros2-pinocchio/install/pinocchio_ros2_example/share/pinocchio_ros2_example/local_setup.bash\n'}
[0.833332] (pinocchio_ros2_example) StdoutLine: {'line': b'-- Up-to-date: /home/wwl/ros2-pinocchio/install/pinocchio_ros2_example/share/pinocchio_ros2_example/local_setup.sh\n'}
[0.833443] (pinocchio_ros2_example) StdoutLine: {'line': b'-- Up-to-date: /home/wwl/ros2-pinocchio/install/pinocchio_ros2_example/share/pinocchio_ros2_example/local_setup.zsh\n'}
[0.833548] (pinocchio_ros2_example) StdoutLine: {'line': b'-- Up-to-date: /home/wwl/ros2-pinocchio/install/pinocchio_ros2_example/share/pinocchio_ros2_example/local_setup.dsv\n'}
[0.833663] (pinocchio_ros2_example) StdoutLine: {'line': b'-- Installing: /home/wwl/ros2-pinocchio/install/pinocchio_ros2_example/share/pinocchio_ros2_example/package.dsv\n'}
[0.833776] (pinocchio_ros2_example) StdoutLine: {'line': b'-- Up-to-date: /home/wwl/ros2-pinocchio/install/pinocchio_ros2_example/share/ament_index/resource_index/packages/pinocchio_ros2_example\n'}
[0.833887] (pinocchio_ros2_example) StdoutLine: {'line': b'-- Up-to-date: /home/wwl/ros2-pinocchio/install/pinocchio_ros2_example/share/pinocchio_ros2_example/cmake/pinocchio_ros2_exampleConfig.cmake\n'}
[0.834006] (pinocchio_ros2_example) StdoutLine: {'line': b'-- Up-to-date: /home/wwl/ros2-pinocchio/install/pinocchio_ros2_example/share/pinocchio_ros2_example/cmake/pinocchio_ros2_exampleConfig-version.cmake\n'}
[0.834127] (pinocchio_ros2_example) StdoutLine: {'line': b'-- Up-to-date: /home/wwl/ros2-pinocchio/install/pinocchio_ros2_example/share/pinocchio_ros2_example/package.xml\n'}
[0.834630] (pinocchio_ros2_example) CommandEnded: {'returncode': 0}
[0.848240] (pinocchio_ros2_example) JobEnded: {'identifier': 'pinocchio_ros2_example', 'rc': 0}
[0.848743] (-) EventReactorShutdown: {}
