[0.090s] DEBUG:colcon:Command line arguments: ['/usr/bin/colcon', 'build', '--packages-select', 'pinocchio_ros2_example', '--event-handlers', 'console_direct+']
[0.090s] DEBUG:colcon:Parsed command line arguments: Namespace(log_base=None, log_level=None, verb_name='build', build_base='build', install_base='install', merge_install=False, symlink_install=False, test_result_base=None, continue_on_error=False, executor='parallel', parallel_workers=8, event_handlers=['console_direct+'], ignore_user_meta=False, metas=['./colcon.meta'], base_paths=['.'], packages_ignore=None, packages_ignore_regex=None, paths=None, packages_up_to=None, packages_up_to_regex=None, packages_above=None, packages_above_and_dependencies=None, packages_above_depth=None, packages_select_by_dep=None, packages_skip_by_dep=None, packages_skip_up_to=None, packages_select_build_failed=False, packages_skip_build_finished=False, packages_select_test_failures=False, packages_skip_test_passed=False, packages_select=['pinocchio_ros2_example'], packages_skip=None, packages_select_regex=None, packages_skip_regex=None, packages_start=None, packages_end=None, allow_overriding=[], cmake_args=None, cmake_target=None, cmake_target_skip_unavailable=False, cmake_clean_cache=False, cmake_clean_first=False, cmake_force_configure=False, ament_cmake_args=None, catkin_cmake_args=None, catkin_skip_building_tests=False, verb_parser=<colcon_defaults.argument_parser.defaults.DefaultArgumentsDecorator object at 0x7985ad6822a0>, verb_extension=<colcon_core.verb.build.BuildVerb object at 0x7985ad681940>, main=<bound method BuildVerb.main of <colcon_core.verb.build.BuildVerb object at 0x7985ad681940>>)
[0.121s] Level 1:colcon.colcon_core.package_discovery:discover_packages(colcon_meta) check parameters
[0.121s] Level 1:colcon.colcon_core.package_discovery:discover_packages(recursive) check parameters
[0.121s] Level 1:colcon.colcon_core.package_discovery:discover_packages(ignore) check parameters
[0.121s] Level 1:colcon.colcon_core.package_discovery:discover_packages(path) check parameters
[0.121s] Level 1:colcon.colcon_core.package_discovery:discover_packages(colcon_meta) discover
[0.121s] Level 1:colcon.colcon_core.package_discovery:discover_packages(recursive) discover
[0.121s] INFO:colcon.colcon_core.package_discovery:Crawling recursively for packages in '/home/wwl/ros2-pinocchio'
[0.122s] Level 1:colcon.colcon_core.package_identification:_identify(.) by extensions ['ignore', 'ignore_ament_install']
[0.122s] Level 1:colcon.colcon_core.package_identification:_identify(.) by extension 'ignore'
[0.122s] Level 1:colcon.colcon_core.package_identification:_identify(.) by extension 'ignore_ament_install'
[0.122s] Level 1:colcon.colcon_core.package_identification:_identify(.) by extensions ['colcon_pkg']
[0.122s] Level 1:colcon.colcon_core.package_identification:_identify(.) by extension 'colcon_pkg'
[0.122s] Level 1:colcon.colcon_core.package_identification:_identify(.) by extensions ['colcon_meta']
[0.122s] Level 1:colcon.colcon_core.package_identification:_identify(.) by extension 'colcon_meta'
[0.122s] Level 1:colcon.colcon_core.package_identification:_identify(.) by extensions ['ros']
[0.122s] Level 1:colcon.colcon_core.package_identification:_identify(.) by extension 'ros'
[0.142s] Level 1:colcon.colcon_core.package_identification:_identify(.) by extensions ['cmake', 'python']
[0.142s] Level 1:colcon.colcon_core.package_identification:_identify(.) by extension 'cmake'
[0.142s] Level 1:colcon.colcon_core.package_identification:_identify(.) by extension 'python'
[0.142s] Level 1:colcon.colcon_core.package_identification:_identify(.) by extensions ['python_setup_py']
[0.142s] Level 1:colcon.colcon_core.package_identification:_identify(.) by extension 'python_setup_py'
[0.142s] Level 1:colcon.colcon_core.package_identification:_identify(build) by extensions ['ignore', 'ignore_ament_install']
[0.143s] Level 1:colcon.colcon_core.package_identification:_identify(build) by extension 'ignore'
[0.143s] Level 1:colcon.colcon_core.package_identification:_identify(build) ignored
[0.143s] Level 1:colcon.colcon_core.package_identification:_identify(install) by extensions ['ignore', 'ignore_ament_install']
[0.143s] Level 1:colcon.colcon_core.package_identification:_identify(install) by extension 'ignore'
[0.143s] Level 1:colcon.colcon_core.package_identification:_identify(install) ignored
[0.143s] Level 1:colcon.colcon_core.package_identification:_identify(log) by extensions ['ignore', 'ignore_ament_install']
[0.143s] Level 1:colcon.colcon_core.package_identification:_identify(log) by extension 'ignore'
[0.143s] Level 1:colcon.colcon_core.package_identification:_identify(log) ignored
[0.143s] Level 1:colcon.colcon_core.package_identification:_identify(src) by extensions ['ignore', 'ignore_ament_install']
[0.143s] Level 1:colcon.colcon_core.package_identification:_identify(src) by extension 'ignore'
[0.143s] Level 1:colcon.colcon_core.package_identification:_identify(src) by extension 'ignore_ament_install'
[0.143s] Level 1:colcon.colcon_core.package_identification:_identify(src) by extensions ['colcon_pkg']
[0.143s] Level 1:colcon.colcon_core.package_identification:_identify(src) by extension 'colcon_pkg'
[0.143s] Level 1:colcon.colcon_core.package_identification:_identify(src) by extensions ['colcon_meta']
[0.143s] Level 1:colcon.colcon_core.package_identification:_identify(src) by extension 'colcon_meta'
[0.143s] Level 1:colcon.colcon_core.package_identification:_identify(src) by extensions ['ros']
[0.143s] Level 1:colcon.colcon_core.package_identification:_identify(src) by extension 'ros'
[0.143s] Level 1:colcon.colcon_core.package_identification:_identify(src) by extensions ['cmake', 'python']
[0.143s] Level 1:colcon.colcon_core.package_identification:_identify(src) by extension 'cmake'
[0.143s] Level 1:colcon.colcon_core.package_identification:_identify(src) by extension 'python'
[0.144s] Level 1:colcon.colcon_core.package_identification:_identify(src) by extensions ['python_setup_py']
[0.144s] Level 1:colcon.colcon_core.package_identification:_identify(src) by extension 'python_setup_py'
[0.144s] Level 1:colcon.colcon_core.package_identification:_identify(src/pinocchio_ros2_example) by extensions ['ignore', 'ignore_ament_install']
[0.144s] Level 1:colcon.colcon_core.package_identification:_identify(src/pinocchio_ros2_example) by extension 'ignore'
[0.144s] Level 1:colcon.colcon_core.package_identification:_identify(src/pinocchio_ros2_example) by extension 'ignore_ament_install'
[0.144s] Level 1:colcon.colcon_core.package_identification:_identify(src/pinocchio_ros2_example) by extensions ['colcon_pkg']
[0.144s] Level 1:colcon.colcon_core.package_identification:_identify(src/pinocchio_ros2_example) by extension 'colcon_pkg'
[0.144s] Level 1:colcon.colcon_core.package_identification:_identify(src/pinocchio_ros2_example) by extensions ['colcon_meta']
[0.144s] Level 1:colcon.colcon_core.package_identification:_identify(src/pinocchio_ros2_example) by extension 'colcon_meta'
[0.144s] Level 1:colcon.colcon_core.package_identification:_identify(src/pinocchio_ros2_example) by extensions ['ros']
[0.144s] Level 1:colcon.colcon_core.package_identification:_identify(src/pinocchio_ros2_example) by extension 'ros'
[0.146s] DEBUG:colcon.colcon_core.package_identification:Package 'src/pinocchio_ros2_example' with type 'ros.ament_cmake' and name 'pinocchio_ros2_example'
[0.146s] Level 1:colcon.colcon_core.package_discovery:discover_packages(recursive) using defaults
[0.146s] Level 1:colcon.colcon_core.package_discovery:discover_packages(ignore) discover
[0.146s] Level 1:colcon.colcon_core.package_discovery:discover_packages(ignore) using defaults
[0.146s] Level 1:colcon.colcon_core.package_discovery:discover_packages(path) discover
[0.147s] Level 1:colcon.colcon_core.package_discovery:discover_packages(path) using defaults
[0.161s] Level 1:colcon.colcon_core.package_discovery:discover_packages(prefix_path) check parameters
[0.161s] Level 1:colcon.colcon_core.package_discovery:discover_packages(prefix_path) discover
[0.163s] DEBUG:colcon.colcon_installed_package_information.package_discovery:Found 285 installed packages in /opt/ros/jazzy
[0.164s] Level 1:colcon.colcon_core.package_discovery:discover_packages(prefix_path) using defaults
[0.195s] Level 5:colcon.colcon_core.verb:set package 'pinocchio_ros2_example' build argument 'cmake_args' from command line to 'None'
[0.195s] Level 5:colcon.colcon_core.verb:set package 'pinocchio_ros2_example' build argument 'cmake_target' from command line to 'None'
[0.195s] Level 5:colcon.colcon_core.verb:set package 'pinocchio_ros2_example' build argument 'cmake_target_skip_unavailable' from command line to 'False'
[0.195s] Level 5:colcon.colcon_core.verb:set package 'pinocchio_ros2_example' build argument 'cmake_clean_cache' from command line to 'False'
[0.195s] Level 5:colcon.colcon_core.verb:set package 'pinocchio_ros2_example' build argument 'cmake_clean_first' from command line to 'False'
[0.195s] Level 5:colcon.colcon_core.verb:set package 'pinocchio_ros2_example' build argument 'cmake_force_configure' from command line to 'False'
[0.195s] Level 5:colcon.colcon_core.verb:set package 'pinocchio_ros2_example' build argument 'ament_cmake_args' from command line to 'None'
[0.195s] Level 5:colcon.colcon_core.verb:set package 'pinocchio_ros2_example' build argument 'catkin_cmake_args' from command line to 'None'
[0.195s] Level 5:colcon.colcon_core.verb:set package 'pinocchio_ros2_example' build argument 'catkin_skip_building_tests' from command line to 'False'
[0.195s] DEBUG:colcon.colcon_core.verb:Building package 'pinocchio_ros2_example' with the following arguments: {'ament_cmake_args': None, 'build_base': '/home/wwl/ros2-pinocchio/build/pinocchio_ros2_example', 'catkin_cmake_args': None, 'catkin_skip_building_tests': False, 'cmake_args': None, 'cmake_clean_cache': False, 'cmake_clean_first': False, 'cmake_force_configure': False, 'cmake_target': None, 'cmake_target_skip_unavailable': False, 'install_base': '/home/wwl/ros2-pinocchio/install/pinocchio_ros2_example', 'merge_install': False, 'path': '/home/wwl/ros2-pinocchio/src/pinocchio_ros2_example', 'symlink_install': False, 'test_result_base': None}
[0.195s] INFO:colcon.colcon_core.executor:Executing jobs using 'parallel' executor
[0.196s] DEBUG:colcon.colcon_parallel_executor.executor.parallel:run_until_complete
[0.196s] INFO:colcon.colcon_ros.task.ament_cmake.build:Building ROS package in '/home/wwl/ros2-pinocchio/src/pinocchio_ros2_example' with build type 'ament_cmake'
[0.196s] INFO:colcon.colcon_cmake.task.cmake.build:Building CMake package in '/home/wwl/ros2-pinocchio/src/pinocchio_ros2_example'
[0.198s] INFO:colcon.colcon_core.plugin_system:Skipping extension 'colcon_core.shell.bat': Not used on non-Windows systems
[0.198s] INFO:colcon.colcon_core.shell:Skip shell extension 'powershell' for command environment: Not usable outside of PowerShell
[0.198s] DEBUG:colcon.colcon_core.shell:Skip shell extension 'dsv' for command environment
[0.204s] DEBUG:colcon.colcon_core.event_handler.log_command:Invoking command in '/home/wwl/ros2-pinocchio/build/pinocchio_ros2_example': CMAKE_PREFIX_PATH=${CMAKE_PREFIX_PATH}:/opt/ros/jazzy DEBUGINFOD_URLS=https://debuginfod.ubuntu.com /usr/bin/cmake --build /home/wwl/ros2-pinocchio/build/pinocchio_ros2_example -- -j8 -l8
[28.807s] DEBUG:colcon.colcon_core.event_handler.log_command:Invoked command in '/home/wwl/ros2-pinocchio/build/pinocchio_ros2_example' returned '0': CMAKE_PREFIX_PATH=${CMAKE_PREFIX_PATH}:/opt/ros/jazzy DEBUGINFOD_URLS=https://debuginfod.ubuntu.com /usr/bin/cmake --build /home/wwl/ros2-pinocchio/build/pinocchio_ros2_example -- -j8 -l8
[28.815s] DEBUG:colcon.colcon_core.event_handler.log_command:Invoking command in '/home/wwl/ros2-pinocchio/build/pinocchio_ros2_example': CMAKE_PREFIX_PATH=${CMAKE_PREFIX_PATH}:/opt/ros/jazzy DEBUGINFOD_URLS=https://debuginfod.ubuntu.com /usr/bin/cmake --install /home/wwl/ros2-pinocchio/build/pinocchio_ros2_example
[28.824s] Level 1:colcon.colcon_core.environment:create_environment_scripts_only(pinocchio_ros2_example)
[28.826s] DEBUG:colcon.colcon_core.event_handler.log_command:Invoked command in '/home/wwl/ros2-pinocchio/build/pinocchio_ros2_example' returned '0': CMAKE_PREFIX_PATH=${CMAKE_PREFIX_PATH}:/opt/ros/jazzy DEBUGINFOD_URLS=https://debuginfod.ubuntu.com /usr/bin/cmake --install /home/wwl/ros2-pinocchio/build/pinocchio_ros2_example
[28.828s] Level 1:colcon.colcon_core.environment:checking '/home/wwl/ros2-pinocchio/install/pinocchio_ros2_example' for CMake module files
[28.828s] Level 1:colcon.colcon_core.environment:checking '/home/wwl/ros2-pinocchio/install/pinocchio_ros2_example' for CMake config files
[28.828s] Level 1:colcon.colcon_core.shell:create_environment_hook('pinocchio_ros2_example', 'cmake_prefix_path')
[28.828s] INFO:colcon.colcon_core.shell:Creating environment hook '/home/wwl/ros2-pinocchio/install/pinocchio_ros2_example/share/pinocchio_ros2_example/hook/cmake_prefix_path.ps1'
[28.829s] INFO:colcon.colcon_core.shell:Creating environment descriptor '/home/wwl/ros2-pinocchio/install/pinocchio_ros2_example/share/pinocchio_ros2_example/hook/cmake_prefix_path.dsv'
[28.829s] INFO:colcon.colcon_core.shell:Creating environment hook '/home/wwl/ros2-pinocchio/install/pinocchio_ros2_example/share/pinocchio_ros2_example/hook/cmake_prefix_path.sh'
[28.830s] Level 1:colcon.colcon_core.environment:checking '/home/wwl/ros2-pinocchio/install/pinocchio_ros2_example/lib'
[28.830s] Level 1:colcon.colcon_core.environment:checking '/home/wwl/ros2-pinocchio/install/pinocchio_ros2_example/bin'
[28.830s] Level 1:colcon.colcon_core.environment:checking '/home/wwl/ros2-pinocchio/install/pinocchio_ros2_example/lib/pkgconfig/pinocchio_ros2_example.pc'
[28.830s] Level 1:colcon.colcon_core.environment:checking '/home/wwl/ros2-pinocchio/install/pinocchio_ros2_example/lib/python3.12/site-packages'
[28.830s] Level 1:colcon.colcon_core.environment:checking '/home/wwl/ros2-pinocchio/install/pinocchio_ros2_example/bin'
[28.831s] INFO:colcon.colcon_core.shell:Creating package script '/home/wwl/ros2-pinocchio/install/pinocchio_ros2_example/share/pinocchio_ros2_example/package.ps1'
[28.831s] INFO:colcon.colcon_core.shell:Creating package descriptor '/home/wwl/ros2-pinocchio/install/pinocchio_ros2_example/share/pinocchio_ros2_example/package.dsv'
[28.832s] INFO:colcon.colcon_core.shell:Creating package script '/home/wwl/ros2-pinocchio/install/pinocchio_ros2_example/share/pinocchio_ros2_example/package.sh'
[28.832s] INFO:colcon.colcon_core.shell:Creating package script '/home/wwl/ros2-pinocchio/install/pinocchio_ros2_example/share/pinocchio_ros2_example/package.bash'
[28.833s] INFO:colcon.colcon_core.shell:Creating package script '/home/wwl/ros2-pinocchio/install/pinocchio_ros2_example/share/pinocchio_ros2_example/package.zsh'
[28.833s] Level 1:colcon.colcon_core.environment:create_file_with_runtime_dependencies(/home/wwl/ros2-pinocchio/install/pinocchio_ros2_example/share/colcon-core/packages/pinocchio_ros2_example)
[28.833s] Level 1:colcon.colcon_core.environment:create_environment_scripts_only(pinocchio_ros2_example)
[28.834s] Level 1:colcon.colcon_core.environment:checking '/home/wwl/ros2-pinocchio/install/pinocchio_ros2_example' for CMake module files
[28.834s] Level 1:colcon.colcon_core.environment:checking '/home/wwl/ros2-pinocchio/install/pinocchio_ros2_example' for CMake config files
[28.834s] Level 1:colcon.colcon_core.shell:create_environment_hook('pinocchio_ros2_example', 'cmake_prefix_path')
[28.834s] INFO:colcon.colcon_core.shell:Creating environment hook '/home/wwl/ros2-pinocchio/install/pinocchio_ros2_example/share/pinocchio_ros2_example/hook/cmake_prefix_path.ps1'
[28.834s] INFO:colcon.colcon_core.shell:Creating environment descriptor '/home/wwl/ros2-pinocchio/install/pinocchio_ros2_example/share/pinocchio_ros2_example/hook/cmake_prefix_path.dsv'
[28.835s] INFO:colcon.colcon_core.shell:Creating environment hook '/home/wwl/ros2-pinocchio/install/pinocchio_ros2_example/share/pinocchio_ros2_example/hook/cmake_prefix_path.sh'
[28.835s] Level 1:colcon.colcon_core.environment:checking '/home/wwl/ros2-pinocchio/install/pinocchio_ros2_example/lib'
[28.835s] Level 1:colcon.colcon_core.environment:checking '/home/wwl/ros2-pinocchio/install/pinocchio_ros2_example/bin'
[28.835s] Level 1:colcon.colcon_core.environment:checking '/home/wwl/ros2-pinocchio/install/pinocchio_ros2_example/lib/pkgconfig/pinocchio_ros2_example.pc'
[28.835s] Level 1:colcon.colcon_core.environment:checking '/home/wwl/ros2-pinocchio/install/pinocchio_ros2_example/lib/python3.12/site-packages'
[28.836s] Level 1:colcon.colcon_core.environment:checking '/home/wwl/ros2-pinocchio/install/pinocchio_ros2_example/bin'
[28.836s] INFO:colcon.colcon_core.shell:Creating package script '/home/wwl/ros2-pinocchio/install/pinocchio_ros2_example/share/pinocchio_ros2_example/package.ps1'
[28.836s] INFO:colcon.colcon_core.shell:Creating package descriptor '/home/wwl/ros2-pinocchio/install/pinocchio_ros2_example/share/pinocchio_ros2_example/package.dsv'
[28.836s] INFO:colcon.colcon_core.shell:Creating package script '/home/wwl/ros2-pinocchio/install/pinocchio_ros2_example/share/pinocchio_ros2_example/package.sh'
[28.837s] INFO:colcon.colcon_core.shell:Creating package script '/home/wwl/ros2-pinocchio/install/pinocchio_ros2_example/share/pinocchio_ros2_example/package.bash'
[28.837s] INFO:colcon.colcon_core.shell:Creating package script '/home/wwl/ros2-pinocchio/install/pinocchio_ros2_example/share/pinocchio_ros2_example/package.zsh'
[28.837s] Level 1:colcon.colcon_core.environment:create_file_with_runtime_dependencies(/home/wwl/ros2-pinocchio/install/pinocchio_ros2_example/share/colcon-core/packages/pinocchio_ros2_example)
[28.837s] DEBUG:colcon.colcon_parallel_executor.executor.parallel:closing loop
[28.838s] DEBUG:colcon.colcon_parallel_executor.executor.parallel:loop closed
[28.838s] DEBUG:colcon.colcon_parallel_executor.executor.parallel:run_until_complete finished with '0'
[28.838s] DEBUG:colcon.colcon_core.event_reactor:joining thread
[28.842s] INFO:colcon.colcon_core.plugin_system:Skipping extension 'colcon_notification.desktop_notification.terminal_notifier': Not used on non-Darwin systems
[28.843s] INFO:colcon.colcon_core.plugin_system:Skipping extension 'colcon_notification.desktop_notification.win32': Not used on non-Windows systems
[28.843s] INFO:colcon.colcon_notification.desktop_notification:Sending desktop notification using 'notify2'
[28.853s] DEBUG:colcon.colcon_core.event_reactor:joined thread
[28.853s] INFO:colcon.colcon_core.shell:Creating prefix script '/home/wwl/ros2-pinocchio/install/local_setup.ps1'
[28.854s] INFO:colcon.colcon_core.shell:Creating prefix util module '/home/wwl/ros2-pinocchio/install/_local_setup_util_ps1.py'
[28.855s] INFO:colcon.colcon_core.shell:Creating prefix chain script '/home/wwl/ros2-pinocchio/install/setup.ps1'
[28.856s] INFO:colcon.colcon_core.shell:Creating prefix script '/home/wwl/ros2-pinocchio/install/local_setup.sh'
[28.856s] INFO:colcon.colcon_core.shell:Creating prefix util module '/home/wwl/ros2-pinocchio/install/_local_setup_util_sh.py'
[28.857s] INFO:colcon.colcon_core.shell:Creating prefix chain script '/home/wwl/ros2-pinocchio/install/setup.sh'
[28.857s] INFO:colcon.colcon_core.shell:Creating prefix script '/home/wwl/ros2-pinocchio/install/local_setup.bash'
[28.858s] INFO:colcon.colcon_core.shell:Creating prefix chain script '/home/wwl/ros2-pinocchio/install/setup.bash'
[28.858s] INFO:colcon.colcon_core.shell:Creating prefix script '/home/wwl/ros2-pinocchio/install/local_setup.zsh'
[28.859s] INFO:colcon.colcon_core.shell:Creating prefix chain script '/home/wwl/ros2-pinocchio/install/setup.zsh'
