[0.081s] DEBUG:colcon:Command line arguments: ['/usr/bin/colcon', 'build', '--packages-select', 'pinocchio_ros2_example', '--event-handlers', 'console_direct+', '--cmake-args', '-DCMAKE_BUILD_TYPE=Release']
[0.081s] DEBUG:colcon:Parsed command line arguments: Namespace(log_base=None, log_level=None, verb_name='build', build_base='build', install_base='install', merge_install=False, symlink_install=False, test_result_base=None, continue_on_error=False, executor='parallel', parallel_workers=8, event_handlers=['console_direct+'], ignore_user_meta=False, metas=['./colcon.meta'], base_paths=['.'], packages_ignore=None, packages_ignore_regex=None, paths=None, packages_up_to=None, packages_up_to_regex=None, packages_above=None, packages_above_and_dependencies=None, packages_above_depth=None, packages_select_by_dep=None, packages_skip_by_dep=None, packages_skip_up_to=None, packages_select_build_failed=False, packages_skip_build_finished=False, packages_select_test_failures=False, packages_skip_test_passed=False, packages_select=['pinocchio_ros2_example'], packages_skip=None, packages_select_regex=None, packages_skip_regex=None, packages_start=None, packages_end=None, allow_overriding=[], cmake_args=['-DCMAKE_BUILD_TYPE=Release'], cmake_target=None, cmake_target_skip_unavailable=False, cmake_clean_cache=False, cmake_clean_first=False, cmake_force_configure=False, ament_cmake_args=None, catkin_cmake_args=None, catkin_skip_building_tests=False, verb_parser=<colcon_defaults.argument_parser.defaults.DefaultArgumentsDecorator object at 0x75e107382300>, verb_extension=<colcon_core.verb.build.BuildVerb object at 0x75e107381910>, main=<bound method BuildVerb.main of <colcon_core.verb.build.BuildVerb object at 0x75e107381910>>)
[0.112s] Level 1:colcon.colcon_core.package_discovery:discover_packages(colcon_meta) check parameters
[0.112s] Level 1:colcon.colcon_core.package_discovery:discover_packages(recursive) check parameters
[0.112s] Level 1:colcon.colcon_core.package_discovery:discover_packages(ignore) check parameters
[0.112s] Level 1:colcon.colcon_core.package_discovery:discover_packages(path) check parameters
[0.112s] Level 1:colcon.colcon_core.package_discovery:discover_packages(colcon_meta) discover
[0.112s] Level 1:colcon.colcon_core.package_discovery:discover_packages(recursive) discover
[0.113s] INFO:colcon.colcon_core.package_discovery:Crawling recursively for packages in '/home/wwl/ros2-pinocchio'
[0.113s] Level 1:colcon.colcon_core.package_identification:_identify(.) by extensions ['ignore', 'ignore_ament_install']
[0.113s] Level 1:colcon.colcon_core.package_identification:_identify(.) by extension 'ignore'
[0.113s] Level 1:colcon.colcon_core.package_identification:_identify(.) by extension 'ignore_ament_install'
[0.113s] Level 1:colcon.colcon_core.package_identification:_identify(.) by extensions ['colcon_pkg']
[0.113s] Level 1:colcon.colcon_core.package_identification:_identify(.) by extension 'colcon_pkg'
[0.113s] Level 1:colcon.colcon_core.package_identification:_identify(.) by extensions ['colcon_meta']
[0.113s] Level 1:colcon.colcon_core.package_identification:_identify(.) by extension 'colcon_meta'
[0.113s] Level 1:colcon.colcon_core.package_identification:_identify(.) by extensions ['ros']
[0.113s] Level 1:colcon.colcon_core.package_identification:_identify(.) by extension 'ros'
[0.134s] Level 1:colcon.colcon_core.package_identification:_identify(.) by extensions ['cmake', 'python']
[0.134s] Level 1:colcon.colcon_core.package_identification:_identify(.) by extension 'cmake'
[0.134s] Level 1:colcon.colcon_core.package_identification:_identify(.) by extension 'python'
[0.134s] Level 1:colcon.colcon_core.package_identification:_identify(.) by extensions ['python_setup_py']
[0.134s] Level 1:colcon.colcon_core.package_identification:_identify(.) by extension 'python_setup_py'
[0.135s] Level 1:colcon.colcon_core.package_identification:_identify(build) by extensions ['ignore', 'ignore_ament_install']
[0.135s] Level 1:colcon.colcon_core.package_identification:_identify(build) by extension 'ignore'
[0.135s] Level 1:colcon.colcon_core.package_identification:_identify(build) ignored
[0.135s] Level 1:colcon.colcon_core.package_identification:_identify(install) by extensions ['ignore', 'ignore_ament_install']
[0.135s] Level 1:colcon.colcon_core.package_identification:_identify(install) by extension 'ignore'
[0.135s] Level 1:colcon.colcon_core.package_identification:_identify(install) ignored
[0.135s] Level 1:colcon.colcon_core.package_identification:_identify(log) by extensions ['ignore', 'ignore_ament_install']
[0.135s] Level 1:colcon.colcon_core.package_identification:_identify(log) by extension 'ignore'
[0.135s] Level 1:colcon.colcon_core.package_identification:_identify(log) ignored
[0.135s] Level 1:colcon.colcon_core.package_identification:_identify(src) by extensions ['ignore', 'ignore_ament_install']
[0.135s] Level 1:colcon.colcon_core.package_identification:_identify(src) by extension 'ignore'
[0.135s] Level 1:colcon.colcon_core.package_identification:_identify(src) by extension 'ignore_ament_install'
[0.135s] Level 1:colcon.colcon_core.package_identification:_identify(src) by extensions ['colcon_pkg']
[0.135s] Level 1:colcon.colcon_core.package_identification:_identify(src) by extension 'colcon_pkg'
[0.135s] Level 1:colcon.colcon_core.package_identification:_identify(src) by extensions ['colcon_meta']
[0.135s] Level 1:colcon.colcon_core.package_identification:_identify(src) by extension 'colcon_meta'
[0.135s] Level 1:colcon.colcon_core.package_identification:_identify(src) by extensions ['ros']
[0.135s] Level 1:colcon.colcon_core.package_identification:_identify(src) by extension 'ros'
[0.135s] Level 1:colcon.colcon_core.package_identification:_identify(src) by extensions ['cmake', 'python']
[0.135s] Level 1:colcon.colcon_core.package_identification:_identify(src) by extension 'cmake'
[0.135s] Level 1:colcon.colcon_core.package_identification:_identify(src) by extension 'python'
[0.135s] Level 1:colcon.colcon_core.package_identification:_identify(src) by extensions ['python_setup_py']
[0.135s] Level 1:colcon.colcon_core.package_identification:_identify(src) by extension 'python_setup_py'
[0.136s] Level 1:colcon.colcon_core.package_identification:_identify(src/pinocchio_ros2_example) by extensions ['ignore', 'ignore_ament_install']
[0.136s] Level 1:colcon.colcon_core.package_identification:_identify(src/pinocchio_ros2_example) by extension 'ignore'
[0.136s] Level 1:colcon.colcon_core.package_identification:_identify(src/pinocchio_ros2_example) by extension 'ignore_ament_install'
[0.136s] Level 1:colcon.colcon_core.package_identification:_identify(src/pinocchio_ros2_example) by extensions ['colcon_pkg']
[0.136s] Level 1:colcon.colcon_core.package_identification:_identify(src/pinocchio_ros2_example) by extension 'colcon_pkg'
[0.136s] Level 1:colcon.colcon_core.package_identification:_identify(src/pinocchio_ros2_example) by extensions ['colcon_meta']
[0.136s] Level 1:colcon.colcon_core.package_identification:_identify(src/pinocchio_ros2_example) by extension 'colcon_meta'
[0.136s] Level 1:colcon.colcon_core.package_identification:_identify(src/pinocchio_ros2_example) by extensions ['ros']
[0.136s] Level 1:colcon.colcon_core.package_identification:_identify(src/pinocchio_ros2_example) by extension 'ros'
[0.138s] DEBUG:colcon.colcon_core.package_identification:Found ROS schema reference in package manifest in 'src/pinocchio_ros2_example'
[0.138s] WARNING:colcon.colcon_core.package_identification:Failed to parse ROS package manifest in 'src/pinocchio_ros2_example': Error(s) in package 'src/pinocchio_ros2_example/package.xml':
Error(s):
- The generic dependency on 'std_msgs' is redundant with: exec_depend
- The generic dependency on 'sensor_msgs' is redundant with: exec_depend
[0.139s] Level 1:colcon.colcon_core.package_identification:_identify(src/pinocchio_ros2_example) by extensions ['cmake', 'python']
[0.139s] Level 1:colcon.colcon_core.package_identification:_identify(src/pinocchio_ros2_example) by extension 'cmake'
[0.140s] Level 1:colcon.colcon_core.package_identification:_identify(src/pinocchio_ros2_example) by extension 'python'
[0.140s] DEBUG:colcon.colcon_core.package_identification:Package 'src/pinocchio_ros2_example' with type 'cmake' and name 'pinocchio_ros2_example'
[0.140s] Level 1:colcon.colcon_core.package_discovery:discover_packages(recursive) using defaults
[0.140s] Level 1:colcon.colcon_core.package_discovery:discover_packages(ignore) discover
[0.140s] Level 1:colcon.colcon_core.package_discovery:discover_packages(ignore) using defaults
[0.140s] Level 1:colcon.colcon_core.package_discovery:discover_packages(path) discover
[0.140s] Level 1:colcon.colcon_core.package_discovery:discover_packages(path) using defaults
[0.158s] Level 1:colcon.colcon_core.package_discovery:discover_packages(prefix_path) check parameters
[0.158s] Level 1:colcon.colcon_core.package_discovery:discover_packages(prefix_path) discover
[0.162s] DEBUG:colcon.colcon_installed_package_information.package_discovery:Found 285 installed packages in /opt/ros/jazzy
[0.162s] Level 1:colcon.colcon_core.package_discovery:discover_packages(prefix_path) using defaults
[0.197s] Level 5:colcon.colcon_core.verb:set package 'pinocchio_ros2_example' build argument 'cmake_args' from command line to '['-DCMAKE_BUILD_TYPE=Release']'
[0.197s] Level 5:colcon.colcon_core.verb:set package 'pinocchio_ros2_example' build argument 'cmake_target' from command line to 'None'
[0.197s] Level 5:colcon.colcon_core.verb:set package 'pinocchio_ros2_example' build argument 'cmake_target_skip_unavailable' from command line to 'False'
[0.197s] Level 5:colcon.colcon_core.verb:set package 'pinocchio_ros2_example' build argument 'cmake_clean_cache' from command line to 'False'
[0.197s] Level 5:colcon.colcon_core.verb:set package 'pinocchio_ros2_example' build argument 'cmake_clean_first' from command line to 'False'
[0.197s] Level 5:colcon.colcon_core.verb:set package 'pinocchio_ros2_example' build argument 'cmake_force_configure' from command line to 'False'
[0.197s] Level 5:colcon.colcon_core.verb:set package 'pinocchio_ros2_example' build argument 'ament_cmake_args' from command line to 'None'
[0.197s] Level 5:colcon.colcon_core.verb:set package 'pinocchio_ros2_example' build argument 'catkin_cmake_args' from command line to 'None'
[0.197s] Level 5:colcon.colcon_core.verb:set package 'pinocchio_ros2_example' build argument 'catkin_skip_building_tests' from command line to 'False'
[0.197s] DEBUG:colcon.colcon_core.verb:Building package 'pinocchio_ros2_example' with the following arguments: {'ament_cmake_args': None, 'build_base': '/home/wwl/ros2-pinocchio/build/pinocchio_ros2_example', 'catkin_cmake_args': None, 'catkin_skip_building_tests': False, 'cmake_args': ['-DCMAKE_BUILD_TYPE=Release'], 'cmake_clean_cache': False, 'cmake_clean_first': False, 'cmake_force_configure': False, 'cmake_target': None, 'cmake_target_skip_unavailable': False, 'install_base': '/home/wwl/ros2-pinocchio/install/pinocchio_ros2_example', 'merge_install': False, 'path': '/home/wwl/ros2-pinocchio/src/pinocchio_ros2_example', 'symlink_install': False, 'test_result_base': None}
[0.197s] INFO:colcon.colcon_core.executor:Executing jobs using 'parallel' executor
[0.198s] DEBUG:colcon.colcon_parallel_executor.executor.parallel:run_until_complete
[0.198s] INFO:colcon.colcon_cmake.task.cmake.build:Building CMake package in '/home/wwl/ros2-pinocchio/src/pinocchio_ros2_example'
[0.199s] INFO:colcon.colcon_core.plugin_system:Skipping extension 'colcon_core.shell.bat': Not used on non-Windows systems
[0.199s] INFO:colcon.colcon_core.shell:Skip shell extension 'powershell' for command environment: Not usable outside of PowerShell
[0.199s] DEBUG:colcon.colcon_core.shell:Skip shell extension 'dsv' for command environment
[0.205s] DEBUG:colcon.colcon_core.event_handler.log_command:Invoking command in '/home/wwl/ros2-pinocchio/build/pinocchio_ros2_example': DEBUGINFOD_URLS=https://debuginfod.ubuntu.com /usr/bin/cmake /home/wwl/ros2-pinocchio/src/pinocchio_ros2_example -DCMAKE_BUILD_TYPE=Release -DCMAKE_INSTALL_PREFIX=/home/wwl/ros2-pinocchio/install/pinocchio_ros2_example
[3.537s] DEBUG:colcon.colcon_core.event_handler.log_command:Invoked command in '/home/wwl/ros2-pinocchio/build/pinocchio_ros2_example' returned '1': DEBUGINFOD_URLS=https://debuginfod.ubuntu.com /usr/bin/cmake /home/wwl/ros2-pinocchio/src/pinocchio_ros2_example -DCMAKE_BUILD_TYPE=Release -DCMAKE_INSTALL_PREFIX=/home/wwl/ros2-pinocchio/install/pinocchio_ros2_example
[3.547s] DEBUG:colcon.colcon_parallel_executor.executor.parallel:closing loop
[3.547s] DEBUG:colcon.colcon_parallel_executor.executor.parallel:loop closed
[3.547s] DEBUG:colcon.colcon_parallel_executor.executor.parallel:run_until_complete finished with '1'
[3.547s] DEBUG:colcon.colcon_core.event_reactor:joining thread
[3.551s] INFO:colcon.colcon_core.plugin_system:Skipping extension 'colcon_notification.desktop_notification.terminal_notifier': Not used on non-Darwin systems
[3.551s] INFO:colcon.colcon_core.plugin_system:Skipping extension 'colcon_notification.desktop_notification.win32': Not used on non-Windows systems
[3.551s] INFO:colcon.colcon_notification.desktop_notification:Sending desktop notification using 'notify2'
[3.560s] DEBUG:colcon.colcon_core.event_reactor:joined thread
[3.560s] INFO:colcon.colcon_core.shell:Creating prefix script '/home/wwl/ros2-pinocchio/install/local_setup.ps1'
[3.561s] INFO:colcon.colcon_core.shell:Creating prefix util module '/home/wwl/ros2-pinocchio/install/_local_setup_util_ps1.py'
[3.562s] INFO:colcon.colcon_core.shell:Creating prefix chain script '/home/wwl/ros2-pinocchio/install/setup.ps1'
[3.562s] INFO:colcon.colcon_core.shell:Creating prefix script '/home/wwl/ros2-pinocchio/install/local_setup.sh'
[3.563s] INFO:colcon.colcon_core.shell:Creating prefix util module '/home/wwl/ros2-pinocchio/install/_local_setup_util_sh.py'
[3.563s] INFO:colcon.colcon_core.shell:Creating prefix chain script '/home/wwl/ros2-pinocchio/install/setup.sh'
[3.564s] INFO:colcon.colcon_core.shell:Creating prefix script '/home/wwl/ros2-pinocchio/install/local_setup.bash'
[3.564s] INFO:colcon.colcon_core.shell:Creating prefix chain script '/home/wwl/ros2-pinocchio/install/setup.bash'
[3.565s] INFO:colcon.colcon_core.shell:Creating prefix script '/home/wwl/ros2-pinocchio/install/local_setup.zsh'
[3.565s] INFO:colcon.colcon_core.shell:Creating prefix chain script '/home/wwl/ros2-pinocchio/install/setup.zsh'
